2019-07-10 14:57:40.498 [main] INFO  c.e.demo.SiteNewsKpiApplicationTests -Starting SiteNewsKpiApplicationTests on yuan-zk with PID 9308 (started by yuan-pc in E:\xxxxx\coding\new-space\amcc-truck-bsp\Site_NewsKpi)
2019-07-10 14:57:40.499 [main] INFO  c.e.demo.SiteNewsKpiApplicationTests -No active profile set, falling back to default profiles: default
2019-07-10 14:57:40.782 [main] INFO  o.s.w.c.s.GenericWebApplicationContext -Refreshing org.springframework.web.context.support.GenericWebApplicationContext@1e16c0aa: startup date [Wed Jul 10 14:57:40 CST 2019]; root of context hierarchy
2019-07-10 14:57:45.783 [main] INFO  o.s.c.s.PostProcessorRegistrationDelegate$BeanPostProcessorChecker -Bean 'taskExcutorConfig' of type [com.example.TaskExcutorConfig$$EnhancerBySpringCGLIB$$18bb4852] is not eligible for getting processed by all BeanPostProcessors (for example: not eligible for auto-proxying)
2019-07-10 14:57:45.787 [main] INFO  o.s.s.c.ThreadPoolTaskExecutor -Initializing ExecutorService 
2019-07-10 14:57:47.921 [main] INFO  o.s.w.s.h.SimpleUrlHandlerMapping -Mapped URL path [/**/favicon.ico] onto handler of type [class org.springframework.web.servlet.resource.ResourceHttpRequestHandler]
2019-07-10 14:57:48.188 [main] INFO  o.s.w.s.m.m.a.RequestMappingHandlerAdapter -Looking for @ControllerAdvice: org.springframework.web.context.support.GenericWebApplicationContext@1e16c0aa: startup date [Wed Jul 10 14:57:40 CST 2019]; root of context hierarchy
2019-07-10 14:57:48.298 [main] INFO  o.s.w.s.m.m.a.RequestMappingHandlerMapping -Mapped "{[/api/eventTrack]}" onto public java.lang.String com.example.controller.ApiController.eventTrack() throws java.lang.Exception
2019-07-10 14:57:48.300 [main] INFO  o.s.w.s.m.m.a.RequestMappingHandlerMapping -Mapped "{[/api/SpreadMap]}" onto public java.lang.String com.example.controller.ApiController.SpreadMap() throws java.lang.Exception
2019-07-10 14:57:48.300 [main] INFO  o.s.w.s.m.m.a.RequestMappingHandlerMapping -Mapped "{[/api/show]}" onto public java.lang.String com.example.controller.ApiController.show() throws java.lang.Exception
2019-07-10 14:57:48.300 [main] INFO  o.s.w.s.m.m.a.RequestMappingHandlerMapping -Mapped "{[/api/test]}" onto public java.lang.String com.example.controller.ApiController.test1() throws java.lang.Exception
2019-07-10 14:57:48.300 [main] INFO  o.s.w.s.m.m.a.RequestMappingHandlerMapping -Mapped "{[/api/KeyWordKpi]}" onto public java.lang.String com.example.controller.ApiController.test4() throws java.lang.Exception
2019-07-10 14:57:48.300 [main] INFO  o.s.w.s.m.m.a.RequestMappingHandlerMapping -Mapped "{[/api/KeyWord]}" onto public java.lang.String com.example.controller.ApiController.test2() throws java.lang.Exception
2019-07-10 14:57:48.300 [main] INFO  o.s.w.s.m.m.a.RequestMappingHandlerMapping -Mapped "{[/api/HotNews]}" onto public java.lang.String com.example.controller.ApiController.test5() throws java.lang.Exception
2019-07-10 14:57:48.300 [main] INFO  o.s.w.s.m.m.a.RequestMappingHandlerMapping -Mapped "{[/api/emotion]}" onto public java.lang.String com.example.controller.ApiController.test3() throws java.lang.Exception
2019-07-10 14:57:48.301 [main] INFO  o.s.w.s.m.m.a.RequestMappingHandlerMapping -Mapped "{[/api/kpinews]}" onto public java.lang.String com.example.controller.ApiController.kpinews() throws java.lang.Exception
2019-07-10 14:57:48.301 [main] INFO  o.s.w.s.m.m.a.RequestMappingHandlerMapping -Mapped "{[/api/kpi]}" onto public java.lang.String com.example.controller.ApiController.kpi() throws java.lang.Exception
2019-07-10 14:57:48.306 [main] INFO  o.s.w.s.m.m.a.RequestMappingHandlerMapping -Mapped "{[/news/eventTrack]}" onto public java.lang.String com.example.controller.TestController.eventTrack() throws java.lang.Exception
2019-07-10 14:57:48.307 [main] INFO  o.s.w.s.m.m.a.RequestMappingHandlerMapping -Mapped "{[/news/SpreadMap]}" onto public java.lang.String com.example.controller.TestController.SpreadMap() throws java.lang.Exception
2019-07-10 14:57:48.309 [main] INFO  o.s.w.s.m.m.a.RequestMappingHandlerMapping -Mapped "{[/news/test]}" onto public java.lang.String com.example.controller.TestController.test1() throws java.lang.Exception
2019-07-10 14:57:48.310 [main] INFO  o.s.w.s.m.m.a.RequestMappingHandlerMapping -Mapped "{[/news/KeyWordKpi]}" onto public java.lang.String com.example.controller.TestController.test4() throws java.lang.Exception
2019-07-10 14:57:48.311 [main] INFO  o.s.w.s.m.m.a.RequestMappingHandlerMapping -Mapped "{[/news/KeyWord]}" onto public java.lang.String com.example.controller.TestController.test2() throws java.lang.Exception
2019-07-10 14:57:48.311 [main] INFO  o.s.w.s.m.m.a.RequestMappingHandlerMapping -Mapped "{[/news/HotNews]}" onto public java.lang.String com.example.controller.TestController.test5() throws java.lang.Exception
2019-07-10 14:57:48.311 [main] INFO  o.s.w.s.m.m.a.RequestMappingHandlerMapping -Mapped "{[/news/emotion]}" onto public java.lang.String com.example.controller.TestController.test3() throws java.lang.Exception
2019-07-10 14:57:48.311 [main] INFO  o.s.w.s.m.m.a.RequestMappingHandlerMapping -Mapped "{[/news/kpinews]}" onto public java.lang.String com.example.controller.TestController.kpinews() throws java.lang.Exception
2019-07-10 14:57:48.311 [main] INFO  o.s.w.s.m.m.a.RequestMappingHandlerMapping -Mapped "{[/news/kpi]}" onto public java.lang.String com.example.controller.TestController.kpi() throws java.lang.Exception
2019-07-10 14:57:48.312 [main] INFO  o.s.w.s.m.m.a.RequestMappingHandlerMapping -Mapped "{[/news/modify]}" onto public java.lang.String com.example.controller.TestController.modify() throws java.lang.Exception
2019-07-10 14:57:48.315 [main] INFO  o.s.w.s.m.m.a.RequestMappingHandlerMapping -Mapped "{[/error]}" onto public org.springframework.http.ResponseEntity<java.util.Map<java.lang.String, java.lang.Object>> org.springframework.boot.autoconfigure.web.servlet.error.BasicErrorController.error(javax.servlet.http.HttpServletRequest)
2019-07-10 14:57:48.316 [main] INFO  o.s.w.s.m.m.a.RequestMappingHandlerMapping -Mapped "{[/error],produces=[text/html]}" onto public org.springframework.web.servlet.ModelAndView org.springframework.boot.autoconfigure.web.servlet.error.BasicErrorController.errorHtml(javax.servlet.http.HttpServletRequest,javax.servlet.http.HttpServletResponse)
2019-07-10 14:57:48.347 [main] INFO  o.s.w.s.h.SimpleUrlHandlerMapping -Mapped URL path [/webjars/**] onto handler of type [class org.springframework.web.servlet.resource.ResourceHttpRequestHandler]
2019-07-10 14:57:48.347 [main] INFO  o.s.w.s.h.SimpleUrlHandlerMapping -Mapped URL path [/**] onto handler of type [class org.springframework.web.servlet.resource.ResourceHttpRequestHandler]
2019-07-10 14:57:48.785 [main] INFO  o.s.s.a.ScheduledAnnotationBeanPostProcessor -No TaskScheduler/ScheduledExecutorService bean found for scheduled processing
2019-07-10 14:57:48.812 [main] INFO  c.e.demo.SiteNewsKpiApplicationTests -Started SiteNewsKpiApplicationTests in 14.079 seconds (JVM running for 16.478)
2019-07-10 14:57:49.192 [Thread-3] INFO  o.s.w.c.s.GenericWebApplicationContext -Closing org.springframework.web.context.support.GenericWebApplicationContext@1e16c0aa: startup date [Wed Jul 10 14:57:40 CST 2019]; root of context hierarchy
