2019-07-19 18:48:35.241 [main] INFO  com.example.SpringbootApplication -Starting SpringbootApplication on yuan-zk with PID 13364 (E:\xxxxx\coding\new-space\amcc-truck-bsp\Site_NewsKpi\target\classes started by yuan-pc in E:\xxxxx\coding\new-space\amcc-truck-bsp\Site_NewsKpi)
2019-07-19 18:48:35.286 [main] INFO  com.example.SpringbootApplication -No active profile set, falling back to default profiles: default
2019-07-19 18:48:35.406 [main] INFO  o.s.b.w.s.c.AnnotationConfigServletWebServerApplicationContext -Refreshing org.springframework.boot.web.servlet.context.AnnotationConfigServletWebServerApplicationContext@1ef6d34c: startup date [Fri Jul 19 18:48:35 CST 2019]; root of context hierarchy
2019-07-19 18:48:37.822 [main] INFO  o.s.c.s.PostProcessorRegistrationDelegate$BeanPostProcessorChecker -Bean 'taskExcutorConfig' of type [com.example.TaskExcutorConfig$$EnhancerBySpringCGLIB$$5d518f64] is not eligible for getting processed by all BeanPostProcessors (for example: not eligible for auto-proxying)
2019-07-19 18:48:37.828 [main] INFO  o.s.s.c.ThreadPoolTaskExecutor -Initializing ExecutorService 
2019-07-19 18:48:38.662 [main] INFO  o.s.b.w.e.tomcat.TomcatWebServer -Tomcat initialized with port(s): 8019 (http)
2019-07-19 18:48:38.695 [main] INFO  o.a.coyote.http11.Http11NioProtocol -Initializing ProtocolHandler ["http-nio-8019"]
2019-07-19 18:48:38.711 [main] INFO  o.a.catalina.core.StandardService -Starting service [Tomcat]
2019-07-19 18:48:38.712 [main] INFO  o.a.catalina.core.StandardEngine -Starting Servlet Engine: Apache Tomcat/8.5.31
2019-07-19 18:48:38.738 [localhost-startStop-1] INFO  o.a.c.core.AprLifecycleListener -The APR based Apache Tomcat Native library which allows optimal performance in production environments was not found on the java.library.path: [D:\program file\java\jdk1.8.0_77\bin;C:\Windows\Sun\Java\bin;C:\Windows\system32;C:\Windows;C:\Windows\system32;C:\Windows;C:\Windows\System32\Wbem;C:\Windows\System32\WindowsPowerShell\v1.0\;C:\Program Files (x86)\NVIDIA Corporation\PhysX\Common;%JAVA_HOME%\bin;%JAVA_HOME%\jre\bin;C:\Program Files\Git\cmd;D:\Program Files\Node-V8\;D:\Program Files (x86)\go1.10\bin;D:\Program Files\Git LFS;D:\Program Files\Microsoft VS Code\bin;C:\ProgramData\chocolatey\bin;D:\Program Files\TortoiseSVN\bin;D:\practice-demo\Anaconda3;D:\practice-demo\Anaconda3\Library\mingw-w64\bin;D:\practice-demo\Anaconda3\Library\usr\bin;D:\practice-demo\Anaconda3\Library\bin;D:\practice-demo\Anaconda3\Scripts;E:\maven\apache-maven-3.0.3\bin;C:\Users\yuan-pc\Downloads\mysql-5.7.19-winx64\mysql-5.7.19-winx64\bin;E:\workspaces\sso_app\doc\redis3.0;D:\Program Files\nodejs;D:\Program Files\Node-V8\node_global;C:\Users\yuan-pc\AppData\Roaming\npm;D:\Program Files\Node-V8\node_global\node_modules\weex-toolkit;E:\Projects-V\Vue-package\yanxuan-weex-demo\node_modules\weex-toolkit\bin;D:\Program Files (x86)\decomp;D:\Program Files (x86)\go1.10\bin;C:\Users\yuan-pc\AppData\Local\Google\Chrome\Application;D:\Program Files (x86)\curl;D:\Program Files (x86)\Tools\decomp;D:\Program Files (x86)\redis\redis-win-3.2.100;D:\Program Files (x86)\gradle-5.0/bin;D:\program file\java\jdk1.8.0_77\bin;D:\program file\java\jdk1.8.0_77\jre\bin;D:\Program Files (x86)\mysql-5.7.19-winx64\bin;D:\Program Files\Git LFS;D:\practice-demo\python;D:\practice-demo\Anaconda3\condabin\;C:\Program Files (x86)\Google\Chrome\Application;C:\tools\dart-sdk\bin;C:\Users\yuan-pc\AppData\Roaming\Pub\Cache\bin;D:\Program Files\Docker Toolbox;E:\maven\apache-maven-3.5.2/bin;.]
2019-07-19 18:48:38.939 [localhost-startStop-1] INFO  o.a.c.c.C.[Tomcat].[localhost].[/] -Initializing Spring embedded WebApplicationContext
2019-07-19 18:48:38.939 [localhost-startStop-1] INFO  o.s.web.context.ContextLoader -Root WebApplicationContext: initialization completed in 3533 ms
2019-07-19 18:48:39.085 [localhost-startStop-1] INFO  o.s.b.w.s.ServletRegistrationBean -Servlet dispatcherServlet mapped to [/]
2019-07-19 18:48:39.089 [localhost-startStop-1] INFO  o.s.b.w.s.FilterRegistrationBean -Mapping filter: 'characterEncodingFilter' to: [/*]
2019-07-19 18:48:39.089 [localhost-startStop-1] INFO  o.s.b.w.s.FilterRegistrationBean -Mapping filter: 'hiddenHttpMethodFilter' to: [/*]
2019-07-19 18:48:39.089 [localhost-startStop-1] INFO  o.s.b.w.s.FilterRegistrationBean -Mapping filter: 'httpPutFormContentFilter' to: [/*]
2019-07-19 18:48:39.089 [localhost-startStop-1] INFO  o.s.b.w.s.FilterRegistrationBean -Mapping filter: 'requestContextFilter' to: [/*]
2019-07-19 18:48:40.138 [main] INFO  o.s.w.s.h.SimpleUrlHandlerMapping -Mapped URL path [/**/favicon.ico] onto handler of type [class org.springframework.web.servlet.resource.ResourceHttpRequestHandler]
2019-07-19 18:48:40.409 [main] INFO  o.s.w.s.m.m.a.RequestMappingHandlerAdapter -Looking for @ControllerAdvice: org.springframework.boot.web.servlet.context.AnnotationConfigServletWebServerApplicationContext@1ef6d34c: startup date [Fri Jul 19 18:48:35 CST 2019]; root of context hierarchy
2019-07-19 18:48:40.605 [main] INFO  o.s.w.s.m.m.a.RequestMappingHandlerMapping -Mapped "{[/api/eventTrack]}" onto public java.lang.String com.example.controller.ApiController.eventTrack() throws java.lang.Exception
2019-07-19 18:48:40.606 [main] INFO  o.s.w.s.m.m.a.RequestMappingHandlerMapping -Mapped "{[/api/SpreadMap]}" onto public java.lang.String com.example.controller.ApiController.SpreadMap() throws java.lang.Exception
2019-07-19 18:48:40.606 [main] INFO  o.s.w.s.m.m.a.RequestMappingHandlerMapping -Mapped "{[/api/show]}" onto public java.lang.String com.example.controller.ApiController.show() throws java.lang.Exception
2019-07-19 18:48:40.608 [main] INFO  o.s.w.s.m.m.a.RequestMappingHandlerMapping -Mapped "{[/api/siteNews]}" onto public java.lang.String com.example.controller.ApiController.siteNews(java.lang.String) throws java.lang.Exception
2019-07-19 18:48:40.608 [main] INFO  o.s.w.s.m.m.a.RequestMappingHandlerMapping -Mapped "{[/api/KeyWordKpi]}" onto public java.lang.String com.example.controller.ApiController.KeyWordKpi(java.lang.String) throws java.lang.Exception
2019-07-19 18:48:40.608 [main] INFO  o.s.w.s.m.m.a.RequestMappingHandlerMapping -Mapped "{[/api/KeyWord]}" onto public java.lang.String com.example.controller.ApiController.test2(java.lang.String) throws java.lang.Exception
2019-07-19 18:48:40.608 [main] INFO  o.s.w.s.m.m.a.RequestMappingHandlerMapping -Mapped "{[/api/HotNews]}" onto public java.lang.String com.example.controller.ApiController.test5(java.lang.String) throws java.lang.Exception
2019-07-19 18:48:40.608 [main] INFO  o.s.w.s.m.m.a.RequestMappingHandlerMapping -Mapped "{[/api/emotion]}" onto public java.lang.String com.example.controller.ApiController.test3() throws java.lang.Exception
2019-07-19 18:48:40.609 [main] INFO  o.s.w.s.m.m.a.RequestMappingHandlerMapping -Mapped "{[/api/kpinews]}" onto public java.lang.String com.example.controller.ApiController.kpinews() throws java.lang.Exception
2019-07-19 18:48:40.609 [main] INFO  o.s.w.s.m.m.a.RequestMappingHandlerMapping -Mapped "{[/api/kpi]}" onto public java.lang.String com.example.controller.ApiController.kpi() throws java.lang.Exception
2019-07-19 18:48:40.614 [main] INFO  o.s.w.s.m.m.a.RequestMappingHandlerMapping -Mapped "{[/news/eventTrack]}" onto public java.lang.String com.example.controller.TestController.eventTrack() throws java.lang.Exception
2019-07-19 18:48:40.614 [main] INFO  o.s.w.s.m.m.a.RequestMappingHandlerMapping -Mapped "{[/news/SpreadMap]}" onto public java.lang.String com.example.controller.TestController.SpreadMap() throws java.lang.Exception
2019-07-19 18:48:40.614 [main] INFO  o.s.w.s.m.m.a.RequestMappingHandlerMapping -Mapped "{[/news/KeyWord]}" onto public java.lang.String com.example.controller.TestController.test2() throws java.lang.Exception
2019-07-19 18:48:40.614 [main] INFO  o.s.w.s.m.m.a.RequestMappingHandlerMapping -Mapped "{[/news/HotNews]}" onto public java.lang.String com.example.controller.TestController.test5() throws java.lang.Exception
2019-07-19 18:48:40.615 [main] INFO  o.s.w.s.m.m.a.RequestMappingHandlerMapping -Mapped "{[/news/emotion]}" onto public java.lang.String com.example.controller.TestController.test3() throws java.lang.Exception
2019-07-19 18:48:40.615 [main] INFO  o.s.w.s.m.m.a.RequestMappingHandlerMapping -Mapped "{[/news/kpinews]}" onto public java.lang.String com.example.controller.TestController.kpinews() throws java.lang.Exception
2019-07-19 18:48:40.615 [main] INFO  o.s.w.s.m.m.a.RequestMappingHandlerMapping -Mapped "{[/news/kpi]}" onto public java.lang.String com.example.controller.TestController.kpi() throws java.lang.Exception
2019-07-19 18:48:40.615 [main] INFO  o.s.w.s.m.m.a.RequestMappingHandlerMapping -Mapped "{[/news/KeyWordKpi]}" onto public java.lang.String com.example.controller.TestController.test4() throws java.lang.Exception
2019-07-19 18:48:40.615 [main] INFO  o.s.w.s.m.m.a.RequestMappingHandlerMapping -Mapped "{[/news/test]}" onto public java.lang.String com.example.controller.TestController.test1() throws java.lang.Exception
2019-07-19 18:48:40.616 [main] INFO  o.s.w.s.m.m.a.RequestMappingHandlerMapping -Mapped "{[/news/modify]}" onto public java.lang.String com.example.controller.TestController.modify() throws java.lang.Exception
2019-07-19 18:48:40.616 [main] INFO  o.s.w.s.m.m.a.RequestMappingHandlerMapping -Mapped "{[/news/sitekpi]}" onto public java.lang.String com.example.controller.TestController.sitekpi() throws java.lang.Exception
2019-07-19 18:48:40.618 [main] INFO  o.s.w.s.m.m.a.RequestMappingHandlerMapping -Mapped "{[/error]}" onto public org.springframework.http.ResponseEntity<java.util.Map<java.lang.String, java.lang.Object>> org.springframework.boot.autoconfigure.web.servlet.error.BasicErrorController.error(javax.servlet.http.HttpServletRequest)
2019-07-19 18:48:40.619 [main] INFO  o.s.w.s.m.m.a.RequestMappingHandlerMapping -Mapped "{[/error],produces=[text/html]}" onto public org.springframework.web.servlet.ModelAndView org.springframework.boot.autoconfigure.web.servlet.error.BasicErrorController.errorHtml(javax.servlet.http.HttpServletRequest,javax.servlet.http.HttpServletResponse)
2019-07-19 18:48:40.649 [main] INFO  o.s.w.s.h.SimpleUrlHandlerMapping -Mapped URL path [/webjars/**] onto handler of type [class org.springframework.web.servlet.resource.ResourceHttpRequestHandler]
2019-07-19 18:48:40.650 [main] INFO  o.s.w.s.h.SimpleUrlHandlerMapping -Mapped URL path [/**] onto handler of type [class org.springframework.web.servlet.resource.ResourceHttpRequestHandler]
2019-07-19 18:48:40.966 [main] INFO  o.s.j.e.a.AnnotationMBeanExporter -Registering beans for JMX exposure on startup
2019-07-19 18:48:40.968 [main] INFO  o.s.j.e.a.AnnotationMBeanExporter -Bean with name 'dataSource' has been autodetected for JMX exposure
2019-07-19 18:48:40.972 [main] INFO  o.s.j.e.a.AnnotationMBeanExporter -Located MBean 'dataSource': registering with JMX server as MBean [com.zaxxer.hikari:name=dataSource,type=HikariDataSource]
2019-07-19 18:48:40.981 [main] INFO  o.s.s.a.ScheduledAnnotationBeanPostProcessor -No TaskScheduler/ScheduledExecutorService bean found for scheduled processing
2019-07-19 18:48:40.999 [main] INFO  o.a.coyote.http11.Http11NioProtocol -Starting ProtocolHandler ["http-nio-8019"]
2019-07-19 18:48:41.010 [main] INFO  o.a.tomcat.util.net.NioSelectorPool -Using a shared selector for servlet write/read
2019-07-19 18:48:41.078 [main] INFO  o.s.b.w.e.tomcat.TomcatWebServer -Tomcat started on port(s): 8019 (http) with context path ''
2019-07-19 18:48:41.093 [main] INFO  com.example.SpringbootApplication -Started SpringbootApplication in 8.282 seconds (JVM running for 11.427)
2019-07-19 18:48:41.111 [main] INFO  com.example.SpringbootApplication -[springboot]已初始化完毕，服务已开启，正在等待定时任务执行...
2019-07-19 18:53:57.328 [http-nio-8019-exec-1] INFO  o.a.c.c.C.[Tomcat].[localhost].[/] -Initializing Spring FrameworkServlet 'dispatcherServlet'
2019-07-19 18:53:57.328 [http-nio-8019-exec-1] INFO  o.s.web.servlet.DispatcherServlet -FrameworkServlet 'dispatcherServlet': initialization started
2019-07-19 18:53:57.360 [http-nio-8019-exec-1] INFO  o.s.web.servlet.DispatcherServlet -FrameworkServlet 'dispatcherServlet': initialization completed in 32 ms
2019-07-19 18:54:04.198 [http-nio-8019-exec-1] INFO  c.e.service.impl.SiteNewsServiceImpl -[站点新闻-普通新闻]，删除数据时间节点：2019-07-19 18:54:04
2019-07-19 18:54:04.220 [http-nio-8019-exec-1] INFO  com.zaxxer.hikari.HikariDataSource -HikariPool-1 - Starting...
2019-07-19 18:54:05.306 [http-nio-8019-exec-1] INFO  com.zaxxer.hikari.HikariDataSource -HikariPool-1 - Start completed.
