2019-07-28 23:49:40.340 [main] INFO  c.e.demo.SiteNewsKpiApplicationTests -Starting SiteNewsKpiApplicationTests on yuan-zk with PID 11544 (started by yuan-pc in e:\xxxxx\coding\new-space\amcc-truck-bsp\Site_NewsKpi)
2019-07-28 23:49:40.342 [main] INFO  c.e.demo.SiteNewsKpiApplicationTests -No active profile set, falling back to default profiles: default
2019-07-28 23:49:40.408 [main] INFO  o.s.w.c.s.GenericWebApplicationContext -Refreshing org.springframework.web.context.support.GenericWebApplicationContext@642a7222: startup date [Sun Jul 28 23:49:40 CST 2019]; root of context hierarchy
2019-07-28 23:49:42.560 [main] INFO  o.s.c.s.PostProcessorRegistrationDelegate$BeanPostProcessorChecker -Bean 'taskExcutorConfig' of type [com.example.TaskExcutorConfig$$EnhancerBySpringCGLIB$$96e180db] is not eligible for getting processed by all BeanPostProcessors (for example: not eligible for auto-proxying)
2019-07-28 23:49:42.564 [main] INFO  o.s.s.c.ThreadPoolTaskExecutor -Initializing ExecutorService 
2019-07-28 23:49:44.768 [main] INFO  o.s.w.s.h.SimpleUrlHandlerMapping -Mapped URL path [/**/favicon.ico] onto handler of type [class org.springframework.web.servlet.resource.ResourceHttpRequestHandler]
2019-07-28 23:49:45.011 [main] INFO  o.s.w.s.m.m.a.RequestMappingHandlerAdapter -Looking for @ControllerAdvice: org.springframework.web.context.support.GenericWebApplicationContext@642a7222: startup date [Sun Jul 28 23:49:40 CST 2019]; root of context hierarchy
2019-07-28 23:49:45.273 [main] INFO  o.s.w.s.m.m.a.RequestMappingHandlerMapping -Mapped "{[/api/list]}" onto public com.founder.ark.common.utils.bean.ResponseObject com.example.controller.ApiController.list() throws java.lang.Exception
2019-07-28 23:49:45.277 [main] INFO  o.s.w.s.m.m.a.RequestMappingHandlerMapping -Mapped "{[/api/eventTrack],methods=[POST]}" onto public com.founder.ark.common.utils.bean.ResponseObject com.example.controller.ApiController.eventTrack() throws java.lang.Exception
2019-07-28 23:49:45.279 [main] INFO  o.s.w.s.m.m.a.RequestMappingHandlerMapping -Mapped "{[/api/siteNews],methods=[POST]}" onto public com.founder.ark.common.utils.bean.ResponseObject com.example.controller.ApiController.siteNews(java.lang.String,java.util.List<java.lang.String>) throws java.lang.Exception
2019-07-28 23:49:45.280 [main] INFO  o.s.w.s.m.m.a.RequestMappingHandlerMapping -Mapped "{[/api/keyWordKpi],methods=[POST]}" onto public com.founder.ark.common.utils.bean.ResponseObject com.example.controller.ApiController.keyWordKpi(java.lang.String,java.util.List<java.lang.String>) throws java.lang.Exception
2019-07-28 23:49:45.281 [main] INFO  o.s.w.s.m.m.a.RequestMappingHandlerMapping -Mapped "{[/api/keyWordNews],methods=[POST]}" onto public com.founder.ark.common.utils.bean.ResponseObject com.example.controller.ApiController.keyWordNews(java.lang.String,java.util.List<java.lang.String>) throws java.lang.Exception
2019-07-28 23:49:45.282 [main] INFO  o.s.w.s.m.m.a.RequestMappingHandlerMapping -Mapped "{[/api/hotNews],methods=[POST]}" onto public com.founder.ark.common.utils.bean.ResponseObject com.example.controller.ApiController.hotNews(java.lang.String,java.util.List<java.lang.String>) throws java.lang.Exception
2019-07-28 23:49:45.282 [main] INFO  o.s.w.s.m.m.a.RequestMappingHandlerMapping -Mapped "{[/api/originalNews],methods=[POST]}" onto public com.founder.ark.common.utils.bean.ResponseObject com.example.controller.ApiController.originalNews(java.lang.String,java.util.List<java.lang.String>) throws java.lang.Exception
2019-07-28 23:49:45.283 [main] INFO  o.s.w.s.m.m.a.RequestMappingHandlerMapping -Mapped "{[/api/emotion],methods=[POST]}" onto public com.founder.ark.common.utils.bean.ResponseObject com.example.controller.ApiController.emotion(java.lang.String,java.util.List<java.lang.String>) throws java.lang.Exception
2019-07-28 23:49:45.283 [main] INFO  o.s.w.s.m.m.a.RequestMappingHandlerMapping -Mapped "{[/api/zlmtNews],methods=[POST]}" onto public com.founder.ark.common.utils.bean.ResponseObject com.example.controller.ApiController.zlmtNews(java.lang.String,java.util.List<java.lang.String>) throws java.lang.Exception
2019-07-28 23:49:45.284 [main] INFO  o.s.w.s.m.m.a.RequestMappingHandlerMapping -Mapped "{[/api/articlePress],methods=[POST]}" onto public com.founder.ark.common.utils.bean.ResponseObject com.example.controller.ApiController.articlePress(java.lang.String,java.util.List<java.lang.String>) throws java.lang.Exception
2019-07-28 23:49:45.288 [main] INFO  o.s.w.s.m.m.a.RequestMappingHandlerMapping -Mapped "{[/api/spreadMap],methods=[POST]}" onto public com.founder.ark.common.utils.bean.ResponseObject com.example.controller.ApiController.spreadMap(java.lang.String,java.util.List<java.lang.String>) throws java.lang.Exception
2019-07-28 23:49:45.291 [main] INFO  o.s.w.s.m.m.a.RequestMappingHandlerMapping -Mapped "{[/news/eventTrack]}" onto public java.lang.String com.example.controller.TestController.eventTrack() throws java.lang.Exception
2019-07-28 23:49:45.292 [main] INFO  o.s.w.s.m.m.a.RequestMappingHandlerMapping -Mapped "{[/news/SpreadMap]}" onto public java.lang.String com.example.controller.TestController.SpreadMap() throws java.lang.Exception
2019-07-28 23:49:45.292 [main] INFO  o.s.w.s.m.m.a.RequestMappingHandlerMapping -Mapped "{[/news/test]}" onto public java.lang.String com.example.controller.TestController.test1() throws java.lang.Exception
2019-07-28 23:49:45.292 [main] INFO  o.s.w.s.m.m.a.RequestMappingHandlerMapping -Mapped "{[/news/KeyWordKpi]}" onto public java.lang.String com.example.controller.TestController.test4() throws java.lang.Exception
2019-07-28 23:49:45.293 [main] INFO  o.s.w.s.m.m.a.RequestMappingHandlerMapping -Mapped "{[/news/KeyWord]}" onto public java.lang.String com.example.controller.TestController.test2() throws java.lang.Exception
2019-07-28 23:49:45.293 [main] INFO  o.s.w.s.m.m.a.RequestMappingHandlerMapping -Mapped "{[/news/HotNews]}" onto public java.lang.String com.example.controller.TestController.test5() throws java.lang.Exception
2019-07-28 23:49:45.293 [main] INFO  o.s.w.s.m.m.a.RequestMappingHandlerMapping -Mapped "{[/news/emotion]}" onto public java.lang.String com.example.controller.TestController.test3() throws java.lang.Exception
2019-07-28 23:49:45.293 [main] INFO  o.s.w.s.m.m.a.RequestMappingHandlerMapping -Mapped "{[/news/kpi]}" onto public java.lang.String com.example.controller.TestController.kpi() throws java.lang.Exception
2019-07-28 23:49:45.293 [main] INFO  o.s.w.s.m.m.a.RequestMappingHandlerMapping -Mapped "{[/news/sitekpi]}" onto public java.lang.String com.example.controller.TestController.sitekpi() throws java.lang.Exception
2019-07-28 23:49:45.297 [main] INFO  o.s.w.s.m.m.a.RequestMappingHandlerMapping -Mapped "{[/error]}" onto public org.springframework.http.ResponseEntity<java.util.Map<java.lang.String, java.lang.Object>> org.springframework.boot.autoconfigure.web.servlet.error.BasicErrorController.error(javax.servlet.http.HttpServletRequest)
2019-07-28 23:49:45.298 [main] INFO  o.s.w.s.m.m.a.RequestMappingHandlerMapping -Mapped "{[/error],produces=[text/html]}" onto public org.springframework.web.servlet.ModelAndView org.springframework.boot.autoconfigure.web.servlet.error.BasicErrorController.errorHtml(javax.servlet.http.HttpServletRequest,javax.servlet.http.HttpServletResponse)
2019-07-28 23:49:45.336 [main] INFO  o.s.w.s.h.SimpleUrlHandlerMapping -Mapped URL path [/webjars/**] onto handler of type [class org.springframework.web.servlet.resource.ResourceHttpRequestHandler]
2019-07-28 23:49:45.337 [main] INFO  o.s.w.s.h.SimpleUrlHandlerMapping -Mapped URL path [/**] onto handler of type [class org.springframework.web.servlet.resource.ResourceHttpRequestHandler]
2019-07-28 23:49:45.781 [main] INFO  o.s.s.a.ScheduledAnnotationBeanPostProcessor -No TaskScheduler/ScheduledExecutorService bean found for scheduled processing
2019-07-28 23:49:45.799 [main] INFO  c.e.demo.SiteNewsKpiApplicationTests -Started SiteNewsKpiApplicationTests in 6.15 seconds (JVM running for 8.218)
2019-07-28 23:49:46.272 [Thread-3] INFO  o.s.w.c.s.GenericWebApplicationContext -Closing org.springframework.web.context.support.GenericWebApplicationContext@642a7222: startup date [Sun Jul 28 23:49:40 CST 2019]; root of context hierarchy
2019-07-28 23:51:12.476 [main] INFO  com.example.SpringbootApplication -Starting SpringbootApplication on yuan-zk with PID 4144 (E:\xxxxx\coding\new-space\amcc-truck-bsp\Site_NewsKpi\target\classes started by yuan-pc in e:\xxxxx\coding\new-space\amcc-truck-bsp\Site_NewsKpi)
2019-07-28 23:51:12.480 [main] INFO  com.example.SpringbootApplication -No active profile set, falling back to default profiles: default
2019-07-28 23:51:12.544 [main] INFO  o.s.b.w.s.c.AnnotationConfigServletWebServerApplicationContext -Refreshing org.springframework.boot.web.servlet.context.AnnotationConfigServletWebServerApplicationContext@418c5a9c: startup date [Sun Jul 28 23:51:12 CST 2019]; root of context hierarchy
2019-07-28 23:51:14.082 [main] INFO  o.s.c.s.PostProcessorRegistrationDelegate$BeanPostProcessorChecker -Bean 'taskExcutorConfig' of type [com.example.TaskExcutorConfig$$EnhancerBySpringCGLIB$$cbde9d3d] is not eligible for getting processed by all BeanPostProcessors (for example: not eligible for auto-proxying)
2019-07-28 23:51:14.088 [main] INFO  o.s.s.c.ThreadPoolTaskExecutor -Initializing ExecutorService 
2019-07-28 23:51:15.103 [main] INFO  o.s.b.w.e.tomcat.TomcatWebServer -Tomcat initialized with port(s): 8019 (http)
2019-07-28 23:51:15.120 [main] INFO  o.a.coyote.http11.Http11NioProtocol -Initializing ProtocolHandler ["http-nio-8019"]
2019-07-28 23:51:15.136 [main] INFO  o.a.catalina.core.StandardService -Starting service [Tomcat]
2019-07-28 23:51:15.136 [main] INFO  o.a.catalina.core.StandardEngine -Starting Servlet Engine: Apache Tomcat/8.5.31
2019-07-28 23:51:15.149 [localhost-startStop-1] INFO  o.a.c.core.AprLifecycleListener -The APR based Apache Tomcat Native library which allows optimal performance in production environments was not found on the java.library.path: [D:\program file\java\jdk1.8.0_77\bin;C:\Windows\Sun\Java\bin;C:\Windows\system32;C:\Windows;C:\Windows\system32;C:\Windows;C:\Windows\System32\Wbem;C:\Windows\System32\WindowsPowerShell\v1.0\;C:\Program Files (x86)\NVIDIA Corporation\PhysX\Common;%JAVA_HOME%\bin;%JAVA_HOME%\jre\bin;C:\Program Files\Git\cmd;D:\Program Files\Node-V8\;D:\Program Files (x86)\go1.10\bin;D:\Program Files\Git LFS;D:\Program Files\Microsoft VS Code\bin;C:\ProgramData\chocolatey\bin;D:\Program Files\TortoiseSVN\bin;D:\practice-demo\Anaconda3;D:\practice-demo\Anaconda3\Library\usr\bin;D:\practice-demo\Anaconda3\Library\bin;D:\practice-demo\Anaconda3\Scripts;E:\maven\apache-maven-3.0.3\bin;C:\Users\yuan-pc\Downloads\mysql-5.7.19-winx64\mysql-5.7.19-winx64\bin;E:\workspaces\sso_app\doc\redis3.0;D:\Program Files\nodejs;D:\Program Files\Node-V8\node_global;C:\Users\yuan-pc\AppData\Roaming\npm;D:\Program Files\Node-V8\node_global\node_modules\weex-toolkit;E:\Projects-V\Vue-package\yanxuan-weex-demo\node_modules\weex-toolkit\bin;D:\Program Files (x86)\decomp;D:\Program Files (x86)\go1.10\bin;C:\Users\yuan-pc\AppData\Local\Google\Chrome\Application;D:\Program Files (x86)\curl;D:\Program Files (x86)\Tools\decomp;D:\Program Files (x86)\redis\redis-win-3.2.100;D:\Program Files (x86)\gradle-5.0/bin;D:\program file\java\jdk1.8.0_77\bin;D:\program file\java\jdk1.8.0_77\jre\bin;D:\Program Files (x86)\mysql-5.7.19-winx64\bin;D:\Program Files\Git LFS;D:\practice-demo\python;D:\practice-demo\Anaconda3\condabin\;C:\Program Files (x86)\Google\Chrome\Application;C:\tools\dart-sdk\bin;C:\Users\yuan-pc\AppData\Roaming\Pub\Cache\bin;D:\Program Files\Docker Toolbox;E:\maven\apache-maven-3.5.2/bin;C:\Program Files\Git\usr\bin;C:\Program Files (x86)\MyDrivers\DriverGenius;C:\Program Files (x86)\MyDrivers\DriverGenius\ksoft;.]
2019-07-28 23:51:15.378 [localhost-startStop-1] INFO  o.a.c.c.C.[Tomcat].[localhost].[/] -Initializing Spring embedded WebApplicationContext
2019-07-28 23:51:15.379 [localhost-startStop-1] INFO  o.s.web.context.ContextLoader -Root WebApplicationContext: initialization completed in 2834 ms
2019-07-28 23:51:15.611 [localhost-startStop-1] INFO  o.s.b.w.s.ServletRegistrationBean -Servlet dispatcherServlet mapped to [/]
2019-07-28 23:51:15.615 [localhost-startStop-1] INFO  o.s.b.w.s.FilterRegistrationBean -Mapping filter: 'characterEncodingFilter' to: [/*]
2019-07-28 23:51:15.615 [localhost-startStop-1] INFO  o.s.b.w.s.FilterRegistrationBean -Mapping filter: 'hiddenHttpMethodFilter' to: [/*]
2019-07-28 23:51:15.615 [localhost-startStop-1] INFO  o.s.b.w.s.FilterRegistrationBean -Mapping filter: 'httpPutFormContentFilter' to: [/*]
2019-07-28 23:51:15.615 [localhost-startStop-1] INFO  o.s.b.w.s.FilterRegistrationBean -Mapping filter: 'requestContextFilter' to: [/*]
2019-07-28 23:51:16.540 [main] INFO  o.s.w.s.h.SimpleUrlHandlerMapping -Mapped URL path [/**/favicon.ico] onto handler of type [class org.springframework.web.servlet.resource.ResourceHttpRequestHandler]
2019-07-28 23:51:16.794 [main] INFO  o.s.w.s.m.m.a.RequestMappingHandlerAdapter -Looking for @ControllerAdvice: org.springframework.boot.web.servlet.context.AnnotationConfigServletWebServerApplicationContext@418c5a9c: startup date [Sun Jul 28 23:51:12 CST 2019]; root of context hierarchy
2019-07-28 23:51:16.873 [main] INFO  o.s.w.s.m.m.a.RequestMappingHandlerMapping -Mapped "{[/api/list]}" onto public com.founder.ark.common.utils.bean.ResponseObject com.example.controller.ApiController.list() throws java.lang.Exception
2019-07-28 23:51:16.875 [main] INFO  o.s.w.s.m.m.a.RequestMappingHandlerMapping -Mapped "{[/api/eventTrack],methods=[POST]}" onto public com.founder.ark.common.utils.bean.ResponseObject com.example.controller.ApiController.eventTrack() throws java.lang.Exception
2019-07-28 23:51:16.875 [main] INFO  o.s.w.s.m.m.a.RequestMappingHandlerMapping -Mapped "{[/api/siteNews],methods=[POST]}" onto public com.founder.ark.common.utils.bean.ResponseObject com.example.controller.ApiController.siteNews(java.lang.String,java.util.List<java.lang.String>) throws java.lang.Exception
2019-07-28 23:51:16.876 [main] INFO  o.s.w.s.m.m.a.RequestMappingHandlerMapping -Mapped "{[/api/keyWordKpi],methods=[POST]}" onto public com.founder.ark.common.utils.bean.ResponseObject com.example.controller.ApiController.keyWordKpi(java.lang.String,java.util.List<java.lang.String>) throws java.lang.Exception
2019-07-28 23:51:16.877 [main] INFO  o.s.w.s.m.m.a.RequestMappingHandlerMapping -Mapped "{[/api/keyWordNews],methods=[POST]}" onto public com.founder.ark.common.utils.bean.ResponseObject com.example.controller.ApiController.keyWordNews(java.lang.String,java.util.List<java.lang.String>) throws java.lang.Exception
2019-07-28 23:51:16.878 [main] INFO  o.s.w.s.m.m.a.RequestMappingHandlerMapping -Mapped "{[/api/hotNews],methods=[POST]}" onto public com.founder.ark.common.utils.bean.ResponseObject com.example.controller.ApiController.hotNews(java.lang.String,java.util.List<java.lang.String>) throws java.lang.Exception
2019-07-28 23:51:16.878 [main] INFO  o.s.w.s.m.m.a.RequestMappingHandlerMapping -Mapped "{[/api/originalNews],methods=[POST]}" onto public com.founder.ark.common.utils.bean.ResponseObject com.example.controller.ApiController.originalNews(java.lang.String,java.util.List<java.lang.String>) throws java.lang.Exception
2019-07-28 23:51:16.879 [main] INFO  o.s.w.s.m.m.a.RequestMappingHandlerMapping -Mapped "{[/api/emotion],methods=[POST]}" onto public com.founder.ark.common.utils.bean.ResponseObject com.example.controller.ApiController.emotion(java.lang.String,java.util.List<java.lang.String>) throws java.lang.Exception
2019-07-28 23:51:16.879 [main] INFO  o.s.w.s.m.m.a.RequestMappingHandlerMapping -Mapped "{[/api/zlmtNews],methods=[POST]}" onto public com.founder.ark.common.utils.bean.ResponseObject com.example.controller.ApiController.zlmtNews(java.lang.String,java.util.List<java.lang.String>) throws java.lang.Exception
2019-07-28 23:51:16.879 [main] INFO  o.s.w.s.m.m.a.RequestMappingHandlerMapping -Mapped "{[/api/articlePress],methods=[POST]}" onto public com.founder.ark.common.utils.bean.ResponseObject com.example.controller.ApiController.articlePress(java.lang.String,java.util.List<java.lang.String>) throws java.lang.Exception
2019-07-28 23:51:16.879 [main] INFO  o.s.w.s.m.m.a.RequestMappingHandlerMapping -Mapped "{[/api/spreadMap],methods=[POST]}" onto public com.founder.ark.common.utils.bean.ResponseObject com.example.controller.ApiController.spreadMap(java.lang.String,java.util.List<java.lang.String>) throws java.lang.Exception
2019-07-28 23:51:16.882 [main] INFO  o.s.w.s.m.m.a.RequestMappingHandlerMapping -Mapped "{[/news/eventTrack]}" onto public java.lang.String com.example.controller.TestController.eventTrack() throws java.lang.Exception
2019-07-28 23:51:16.883 [main] INFO  o.s.w.s.m.m.a.RequestMappingHandlerMapping -Mapped "{[/news/SpreadMap]}" onto public java.lang.String com.example.controller.TestController.SpreadMap() throws java.lang.Exception
2019-07-28 23:51:16.884 [main] INFO  o.s.w.s.m.m.a.RequestMappingHandlerMapping -Mapped "{[/news/test]}" onto public java.lang.String com.example.controller.TestController.test1() throws java.lang.Exception
2019-07-28 23:51:16.886 [main] INFO  o.s.w.s.m.m.a.RequestMappingHandlerMapping -Mapped "{[/news/KeyWordKpi]}" onto public java.lang.String com.example.controller.TestController.test4() throws java.lang.Exception
2019-07-28 23:51:16.887 [main] INFO  o.s.w.s.m.m.a.RequestMappingHandlerMapping -Mapped "{[/news/KeyWord]}" onto public java.lang.String com.example.controller.TestController.test2() throws java.lang.Exception
2019-07-28 23:51:16.887 [main] INFO  o.s.w.s.m.m.a.RequestMappingHandlerMapping -Mapped "{[/news/HotNews]}" onto public java.lang.String com.example.controller.TestController.test5() throws java.lang.Exception
2019-07-28 23:51:16.888 [main] INFO  o.s.w.s.m.m.a.RequestMappingHandlerMapping -Mapped "{[/news/emotion]}" onto public java.lang.String com.example.controller.TestController.test3() throws java.lang.Exception
2019-07-28 23:51:16.888 [main] INFO  o.s.w.s.m.m.a.RequestMappingHandlerMapping -Mapped "{[/news/kpi]}" onto public java.lang.String com.example.controller.TestController.kpi() throws java.lang.Exception
2019-07-28 23:51:16.888 [main] INFO  o.s.w.s.m.m.a.RequestMappingHandlerMapping -Mapped "{[/news/sitekpi]}" onto public java.lang.String com.example.controller.TestController.sitekpi() throws java.lang.Exception
2019-07-28 23:51:16.893 [main] INFO  o.s.w.s.m.m.a.RequestMappingHandlerMapping -Mapped "{[/error]}" onto public org.springframework.http.ResponseEntity<java.util.Map<java.lang.String, java.lang.Object>> org.springframework.boot.autoconfigure.web.servlet.error.BasicErrorController.error(javax.servlet.http.HttpServletRequest)
2019-07-28 23:51:16.895 [main] INFO  o.s.w.s.m.m.a.RequestMappingHandlerMapping -Mapped "{[/error],produces=[text/html]}" onto public org.springframework.web.servlet.ModelAndView org.springframework.boot.autoconfigure.web.servlet.error.BasicErrorController.errorHtml(javax.servlet.http.HttpServletRequest,javax.servlet.http.HttpServletResponse)
2019-07-28 23:51:16.948 [main] INFO  o.s.w.s.h.SimpleUrlHandlerMapping -Mapped URL path [/webjars/**] onto handler of type [class org.springframework.web.servlet.resource.ResourceHttpRequestHandler]
2019-07-28 23:51:16.948 [main] INFO  o.s.w.s.h.SimpleUrlHandlerMapping -Mapped URL path [/**] onto handler of type [class org.springframework.web.servlet.resource.ResourceHttpRequestHandler]
2019-07-28 23:51:17.194 [main] INFO  o.s.j.e.a.AnnotationMBeanExporter -Registering beans for JMX exposure on startup
2019-07-28 23:51:17.197 [main] INFO  o.s.j.e.a.AnnotationMBeanExporter -Bean with name 'dataSource' has been autodetected for JMX exposure
2019-07-28 23:51:17.202 [main] INFO  o.s.j.e.a.AnnotationMBeanExporter -Located MBean 'dataSource': registering with JMX server as MBean [com.zaxxer.hikari:name=dataSource,type=HikariDataSource]
2019-07-28 23:51:17.211 [main] INFO  o.s.s.a.ScheduledAnnotationBeanPostProcessor -No TaskScheduler/ScheduledExecutorService bean found for scheduled processing
2019-07-28 23:51:17.226 [main] INFO  o.a.coyote.http11.Http11NioProtocol -Starting ProtocolHandler ["http-nio-8019"]
2019-07-28 23:51:17.239 [main] INFO  o.a.tomcat.util.net.NioSelectorPool -Using a shared selector for servlet write/read
2019-07-28 23:51:17.280 [main] INFO  o.s.b.w.e.tomcat.TomcatWebServer -Tomcat started on port(s): 8019 (http) with context path ''
2019-07-28 23:51:17.288 [main] INFO  com.example.SpringbootApplication -Started SpringbootApplication in 5.278 seconds (JVM running for 6.22)
2019-07-28 23:51:17.291 [main] INFO  com.example.SpringbootApplication -[springboot]已初始化完毕，服务已开启，正在等待定时任务执行...
