2019-08-01 10:34:16.169 [main] INFO  com.example.SpringbootApplication -Starting SpringbootApplication on yuan-zk with PID 11208 (E:\xxxxx\coding\new-space\amcc-truck-bsp\Site_NewsKpi\target\classes started by yuan-pc in E:\xxxxx\coding\new-space\amcc-truck-bsp\Site_NewsKpi)
2019-08-01 10:34:16.196 [main] INFO  com.example.SpringbootApplication -No active profile set, falling back to default profiles: default
2019-08-01 10:34:16.314 [main] INFO  o.s.b.w.s.c.AnnotationConfigServletWebServerApplicationContext -Refreshing org.springframework.boot.web.servlet.context.AnnotationConfigServletWebServerApplicationContext@764faa6: startup date [Thu Aug 01 10:34:16 CST 2019]; root of context hierarchy
2019-08-01 10:34:18.345 [main] INFO  o.s.c.s.PostProcessorRegistrationDelegate$BeanPostProcessorChecker -Bean 'taskExcutorConfig' of type [com.example.TaskExcutorConfig$$EnhancerBySpringCGLIB$$f4b403ba] is not eligible for getting processed by all BeanPostProcessors (for example: not eligible for auto-proxying)
2019-08-01 10:34:18.349 [main] INFO  o.s.s.c.ThreadPoolTaskExecutor -Initializing ExecutorService 
2019-08-01 10:34:19.315 [main] INFO  o.s.b.w.e.tomcat.TomcatWebServer -Tomcat initialized with port(s): 8019 (http)
2019-08-01 10:34:19.335 [main] INFO  o.a.coyote.http11.Http11NioProtocol -Initializing ProtocolHandler ["http-nio-8019"]
2019-08-01 10:34:19.345 [main] INFO  o.a.catalina.core.StandardService -Starting service [Tomcat]
2019-08-01 10:34:19.345 [main] INFO  o.a.catalina.core.StandardEngine -Starting Servlet Engine: Apache Tomcat/8.5.31
2019-08-01 10:34:19.366 [localhost-startStop-1] INFO  o.a.c.core.AprLifecycleListener -The APR based Apache Tomcat Native library which allows optimal performance in production environments was not found on the java.library.path: [D:\program file\java\jdk1.8.0_77\bin;C:\Windows\Sun\Java\bin;C:\Windows\system32;C:\Windows;C:\Windows\system32;C:\Windows;C:\Windows\System32\Wbem;C:\Windows\System32\WindowsPowerShell\v1.0\;C:\Program Files (x86)\NVIDIA Corporation\PhysX\Common;%JAVA_HOME%\bin;%JAVA_HOME%\jre\bin;C:\Program Files\Git\cmd;D:\Program Files\Node-V8\;D:\Program Files (x86)\go1.10\bin;D:\Program Files\Git LFS;D:\Program Files\Microsoft VS Code\bin;C:\ProgramData\chocolatey\bin;D:\Program Files\TortoiseSVN\bin;D:\practice-demo\Anaconda3;D:\practice-demo\Anaconda3\Library\usr\bin;D:\practice-demo\Anaconda3\Library\bin;D:\practice-demo\Anaconda3\Scripts;E:\maven\apache-maven-3.0.3\bin;C:\Users\yuan-pc\Downloads\mysql-5.7.19-winx64\mysql-5.7.19-winx64\bin;E:\workspaces\sso_app\doc\redis3.0;D:\Program Files\nodejs;D:\Program Files\Node-V8\node_global;C:\Users\yuan-pc\AppData\Roaming\npm;D:\Program Files\Node-V8\node_global\node_modules\weex-toolkit;E:\Projects-V\Vue-package\yanxuan-weex-demo\node_modules\weex-toolkit\bin;D:\Program Files (x86)\decomp;D:\Program Files (x86)\go1.10\bin;C:\Users\yuan-pc\AppData\Local\Google\Chrome\Application;D:\Program Files (x86)\curl;D:\Program Files (x86)\Tools\decomp;D:\Program Files (x86)\redis\redis-win-3.2.100;D:\Program Files (x86)\gradle-5.0/bin;D:\program file\java\jdk1.8.0_77\bin;D:\program file\java\jdk1.8.0_77\jre\bin;D:\Program Files (x86)\mysql-5.7.19-winx64\bin;D:\Program Files\Git LFS;D:\practice-demo\python;D:\practice-demo\Anaconda3\condabin\;C:\Program Files (x86)\Google\Chrome\Application;C:\tools\dart-sdk\bin;C:\Users\yuan-pc\AppData\Roaming\Pub\Cache\bin;D:\Program Files\Docker Toolbox;E:\maven\apache-maven-3.5.2/bin;C:\Program Files\Git\usr\bin;C:\Program Files (x86)\MyDrivers\DriverGenius;C:\Program Files (x86)\MyDrivers\DriverGenius\ksoft;.]
2019-08-01 10:34:19.465 [localhost-startStop-1] INFO  o.a.c.c.C.[Tomcat].[localhost].[/] -Initializing Spring embedded WebApplicationContext
2019-08-01 10:34:19.466 [localhost-startStop-1] INFO  o.s.web.context.ContextLoader -Root WebApplicationContext: initialization completed in 3152 ms
2019-08-01 10:34:19.628 [localhost-startStop-1] INFO  o.s.b.w.s.ServletRegistrationBean -Servlet dispatcherServlet mapped to [/]
2019-08-01 10:34:19.634 [localhost-startStop-1] INFO  o.s.b.w.s.FilterRegistrationBean -Mapping filter: 'characterEncodingFilter' to: [/*]
2019-08-01 10:34:19.635 [localhost-startStop-1] INFO  o.s.b.w.s.FilterRegistrationBean -Mapping filter: 'hiddenHttpMethodFilter' to: [/*]
2019-08-01 10:34:19.635 [localhost-startStop-1] INFO  o.s.b.w.s.FilterRegistrationBean -Mapping filter: 'httpPutFormContentFilter' to: [/*]
2019-08-01 10:34:19.635 [localhost-startStop-1] INFO  o.s.b.w.s.FilterRegistrationBean -Mapping filter: 'requestContextFilter' to: [/*]
2019-08-01 10:34:20.921 [main] INFO  o.s.w.s.h.SimpleUrlHandlerMapping -Mapped URL path [/**/favicon.ico] onto handler of type [class org.springframework.web.servlet.resource.ResourceHttpRequestHandler]
2019-08-01 10:34:21.212 [main] INFO  o.s.w.s.m.m.a.RequestMappingHandlerAdapter -Looking for @ControllerAdvice: org.springframework.boot.web.servlet.context.AnnotationConfigServletWebServerApplicationContext@764faa6: startup date [Thu Aug 01 10:34:16 CST 2019]; root of context hierarchy
2019-08-01 10:34:21.271 [main] INFO  o.s.w.s.m.m.a.RequestMappingHandlerMapping -Mapped "{[/api/list]}" onto public com.founder.ark.common.utils.bean.ResponseObject com.example.controller.ApiController.list() throws java.lang.Exception
2019-08-01 10:34:21.272 [main] INFO  o.s.w.s.m.m.a.RequestMappingHandlerMapping -Mapped "{[/api/eventTrack],methods=[POST]}" onto public com.founder.ark.common.utils.bean.ResponseObject com.example.controller.ApiController.eventTrack() throws java.lang.Exception
2019-08-01 10:34:21.274 [main] INFO  o.s.w.s.m.m.a.RequestMappingHandlerMapping -Mapped "{[/api/siteNews],methods=[POST]}" onto public com.founder.ark.common.utils.bean.ResponseObject com.example.controller.ApiController.siteNews(java.lang.String,java.util.List<java.lang.String>) throws java.lang.Exception
2019-08-01 10:34:21.274 [main] INFO  o.s.w.s.m.m.a.RequestMappingHandlerMapping -Mapped "{[/api/keyWordKpi],methods=[POST]}" onto public com.founder.ark.common.utils.bean.ResponseObject com.example.controller.ApiController.keyWordKpi(java.lang.String,java.util.List<java.lang.String>) throws java.lang.Exception
2019-08-01 10:34:21.274 [main] INFO  o.s.w.s.m.m.a.RequestMappingHandlerMapping -Mapped "{[/api/keyWordNews],methods=[POST]}" onto public com.founder.ark.common.utils.bean.ResponseObject com.example.controller.ApiController.keyWordNews(java.lang.String,java.util.List<java.lang.String>) throws java.lang.Exception
2019-08-01 10:34:21.275 [main] INFO  o.s.w.s.m.m.a.RequestMappingHandlerMapping -Mapped "{[/api/hotNews],methods=[POST]}" onto public com.founder.ark.common.utils.bean.ResponseObject com.example.controller.ApiController.hotNews(java.lang.String,java.util.List<java.lang.String>) throws java.lang.Exception
2019-08-01 10:34:21.275 [main] INFO  o.s.w.s.m.m.a.RequestMappingHandlerMapping -Mapped "{[/api/originalNews],methods=[POST]}" onto public com.founder.ark.common.utils.bean.ResponseObject com.example.controller.ApiController.originalNews(java.lang.String,java.util.List<java.lang.String>) throws java.lang.Exception
2019-08-01 10:34:21.275 [main] INFO  o.s.w.s.m.m.a.RequestMappingHandlerMapping -Mapped "{[/api/emotion],methods=[POST]}" onto public com.founder.ark.common.utils.bean.ResponseObject com.example.controller.ApiController.emotion(java.lang.String,java.util.List<java.lang.String>) throws java.lang.Exception
2019-08-01 10:34:21.275 [main] INFO  o.s.w.s.m.m.a.RequestMappingHandlerMapping -Mapped "{[/api/zlmtNews],methods=[POST]}" onto public com.founder.ark.common.utils.bean.ResponseObject com.example.controller.ApiController.zlmtNews(java.lang.String,java.util.List<java.lang.String>) throws java.lang.Exception
2019-08-01 10:34:21.276 [main] INFO  o.s.w.s.m.m.a.RequestMappingHandlerMapping -Mapped "{[/api/articlePress],methods=[POST]}" onto public com.founder.ark.common.utils.bean.ResponseObject com.example.controller.ApiController.articlePress(java.lang.String,java.util.List<java.lang.String>) throws java.lang.Exception
2019-08-01 10:34:21.276 [main] INFO  o.s.w.s.m.m.a.RequestMappingHandlerMapping -Mapped "{[/api/spreadMap],methods=[POST]}" onto public com.founder.ark.common.utils.bean.ResponseObject com.example.controller.ApiController.spreadMap(java.lang.String,java.util.List<java.lang.String>) throws java.lang.Exception
2019-08-01 10:34:21.277 [main] INFO  o.s.w.s.m.m.a.RequestMappingHandlerMapping -Mapped "{[/news/eventTrack]}" onto public java.lang.String com.example.controller.TestController.eventTrack() throws java.lang.Exception
2019-08-01 10:34:21.277 [main] INFO  o.s.w.s.m.m.a.RequestMappingHandlerMapping -Mapped "{[/news/SpreadMap]}" onto public java.lang.String com.example.controller.TestController.SpreadMap() throws java.lang.Exception
2019-08-01 10:34:21.278 [main] INFO  o.s.w.s.m.m.a.RequestMappingHandlerMapping -Mapped "{[/news/KeyWordKpi]}" onto public java.lang.String com.example.controller.TestController.test4() throws java.lang.Exception
2019-08-01 10:34:21.278 [main] INFO  o.s.w.s.m.m.a.RequestMappingHandlerMapping -Mapped "{[/news/test]}" onto public java.lang.String com.example.controller.TestController.test1() throws java.lang.Exception
2019-08-01 10:34:21.278 [main] INFO  o.s.w.s.m.m.a.RequestMappingHandlerMapping -Mapped "{[/news/KeyWord]}" onto public java.lang.String com.example.controller.TestController.test2() throws java.lang.Exception
2019-08-01 10:34:21.278 [main] INFO  o.s.w.s.m.m.a.RequestMappingHandlerMapping -Mapped "{[/news/HotNews]}" onto public java.lang.String com.example.controller.TestController.test5() throws java.lang.Exception
2019-08-01 10:34:21.278 [main] INFO  o.s.w.s.m.m.a.RequestMappingHandlerMapping -Mapped "{[/news/emotion]}" onto public java.lang.String com.example.controller.TestController.test3() throws java.lang.Exception
2019-08-01 10:34:21.278 [main] INFO  o.s.w.s.m.m.a.RequestMappingHandlerMapping -Mapped "{[/news/kpi]}" onto public java.lang.String com.example.controller.TestController.kpi() throws java.lang.Exception
2019-08-01 10:34:21.279 [main] INFO  o.s.w.s.m.m.a.RequestMappingHandlerMapping -Mapped "{[/news/sitekpi]}" onto public java.lang.String com.example.controller.TestController.sitekpi() throws java.lang.Exception
2019-08-01 10:34:21.281 [main] INFO  o.s.w.s.m.m.a.RequestMappingHandlerMapping -Mapped "{[/error]}" onto public org.springframework.http.ResponseEntity<java.util.Map<java.lang.String, java.lang.Object>> org.springframework.boot.autoconfigure.web.servlet.error.BasicErrorController.error(javax.servlet.http.HttpServletRequest)
2019-08-01 10:34:21.281 [main] INFO  o.s.w.s.m.m.a.RequestMappingHandlerMapping -Mapped "{[/error],produces=[text/html]}" onto public org.springframework.web.servlet.ModelAndView org.springframework.boot.autoconfigure.web.servlet.error.BasicErrorController.errorHtml(javax.servlet.http.HttpServletRequest,javax.servlet.http.HttpServletResponse)
2019-08-01 10:34:21.314 [main] INFO  o.s.w.s.h.SimpleUrlHandlerMapping -Mapped URL path [/webjars/**] onto handler of type [class org.springframework.web.servlet.resource.ResourceHttpRequestHandler]
2019-08-01 10:34:21.314 [main] INFO  o.s.w.s.h.SimpleUrlHandlerMapping -Mapped URL path [/**] onto handler of type [class org.springframework.web.servlet.resource.ResourceHttpRequestHandler]
2019-08-01 10:34:21.719 [main] INFO  o.s.j.e.a.AnnotationMBeanExporter -Registering beans for JMX exposure on startup
2019-08-01 10:34:21.721 [main] INFO  o.s.j.e.a.AnnotationMBeanExporter -Bean with name 'dataSource' has been autodetected for JMX exposure
2019-08-01 10:34:21.726 [main] INFO  o.s.j.e.a.AnnotationMBeanExporter -Located MBean 'dataSource': registering with JMX server as MBean [com.zaxxer.hikari:name=dataSource,type=HikariDataSource]
2019-08-01 10:34:21.736 [main] INFO  o.s.s.a.ScheduledAnnotationBeanPostProcessor -No TaskScheduler/ScheduledExecutorService bean found for scheduled processing
2019-08-01 10:34:21.761 [main] INFO  o.a.coyote.http11.Http11NioProtocol -Starting ProtocolHandler ["http-nio-8019"]
2019-08-01 10:34:21.772 [main] INFO  o.a.tomcat.util.net.NioSelectorPool -Using a shared selector for servlet write/read
2019-08-01 10:34:21.822 [main] INFO  o.s.b.w.e.tomcat.TomcatWebServer -Tomcat started on port(s): 8019 (http) with context path ''
2019-08-01 10:34:21.826 [main] INFO  com.example.SpringbootApplication -Started SpringbootApplication in 8.668 seconds (JVM running for 13.328)
2019-08-01 10:34:21.829 [main] INFO  com.example.SpringbootApplication -[springboot]已初始化完毕，服务已开启，正在等待定时任务执行...
2019-08-01 10:35:00.035 [ThreadPoolTaskExecutor-1] INFO  c.e.controller.NewsTaskController -======================站点关键词新闻开始更新=====================
2019-08-01 10:35:00.040 [ThreadPoolTaskExecutor-1] INFO  c.e.service.impl.SiteNewsServiceImpl -[站点新闻-关键词]，删除数据时间节点：2019-08-01 10:35:00
2019-08-01 10:35:00.076 [ThreadPoolTaskExecutor-1] INFO  com.zaxxer.hikari.HikariDataSource -HikariPool-1 - Starting...
2019-08-01 10:35:00.967 [ThreadPoolTaskExecutor-1] INFO  com.zaxxer.hikari.HikariDataSource -HikariPool-1 - Start completed.
2019-08-01 10:35:01.967 [ThreadPoolTaskExecutor-1] INFO  c.e.service.impl.SiteNewsServiceImpl -站点[["张岳峰"]]-关键词新闻，数据返回结果:15
2019-08-01 10:35:01.968 [ThreadPoolTaskExecutor-1] INFO  c.e.service.impl.SiteNewsServiceImpl -================ channel 未知 ============ url: http://mbdapi.fzdzyun.com/api/fts, condition: {"title_not":["服务","广告"],"datatype":["news","app","wechat","epaper"],"pubtime":["2019-07-02 10:35:01","2019-08-01 10:35:01"],"duplicate":"1","title":["张岳峰"]}, pageTypeId: 45
2019-08-01 10:35:04.900 [ThreadPoolTaskExecutor-1] INFO  c.e.service.impl.SiteNewsServiceImpl -清理[站点新闻]数据，类型=0，siteID=[张岳峰]成功插入数据：15，共删除数据：15
2019-08-01 10:35:05.314 [ThreadPoolTaskExecutor-1] INFO  c.e.service.impl.SiteNewsServiceImpl -站点[["尤权"]]-关键词新闻，数据返回结果:15
2019-08-01 10:35:05.476 [ThreadPoolTaskExecutor-1] INFO  c.e.service.impl.SiteNewsServiceImpl -================ channel 未知 ============ url: http://mbdapi.fzdzyun.com/api/fts, condition: {"datatype":["news","app","wechat","epaper"],"pubtime":["2019-07-02 10:35:04","2019-08-01 10:35:04"],"duplicate":"1","title":["尤权"]}, pageTypeId: 45
2019-08-01 10:35:05.620 [ThreadPoolTaskExecutor-1] INFO  c.e.service.impl.SiteNewsServiceImpl -================ channel 未知 ============ url: http://mbdapi.fzdzyun.com/api/fts, condition: {"datatype":["news","app","wechat","epaper"],"pubtime":["2019-07-02 10:35:04","2019-08-01 10:35:04"],"duplicate":"1","title":["尤权"]}, pageTypeId: 45
2019-08-01 10:35:06.507 [ThreadPoolTaskExecutor-1] INFO  c.e.service.impl.SiteNewsServiceImpl -================ channel 未知 ============ url: http://mbdapi.fzdzyun.com/api/fts, condition: {"datatype":["news","app","wechat","epaper"],"pubtime":["2019-07-02 10:35:04","2019-08-01 10:35:04"],"duplicate":"1","title":["尤权"]}, pageTypeId: 45
2019-08-01 10:35:35.893 [main] INFO  com.example.SpringbootApplication -Starting SpringbootApplication on yuan-zk with PID 808 (E:\xxxxx\coding\new-space\amcc-truck-bsp\Site_NewsKpi\target\classes started by yuan-pc in E:\xxxxx\coding\new-space\amcc-truck-bsp\Site_NewsKpi)
2019-08-01 10:35:35.897 [main] INFO  com.example.SpringbootApplication -No active profile set, falling back to default profiles: default
2019-08-01 10:35:35.948 [main] INFO  o.s.b.w.s.c.AnnotationConfigServletWebServerApplicationContext -Refreshing org.springframework.boot.web.servlet.context.AnnotationConfigServletWebServerApplicationContext@13330ac6: startup date [Thu Aug 01 10:35:35 CST 2019]; root of context hierarchy
2019-08-01 10:35:36.675 [main] INFO  o.s.c.s.PostProcessorRegistrationDelegate$BeanPostProcessorChecker -Bean 'taskExcutorConfig' of type [com.example.TaskExcutorConfig$$EnhancerBySpringCGLIB$$5eb88de7] is not eligible for getting processed by all BeanPostProcessors (for example: not eligible for auto-proxying)
2019-08-01 10:35:36.679 [main] INFO  o.s.s.c.ThreadPoolTaskExecutor -Initializing ExecutorService 
2019-08-01 10:35:37.153 [main] INFO  o.s.b.w.e.tomcat.TomcatWebServer -Tomcat initialized with port(s): 8019 (http)
2019-08-01 10:35:37.166 [main] INFO  o.a.coyote.http11.Http11NioProtocol -Initializing ProtocolHandler ["http-nio-8019"]
2019-08-01 10:35:37.175 [main] INFO  o.a.catalina.core.StandardService -Starting service [Tomcat]
2019-08-01 10:35:37.175 [main] INFO  o.a.catalina.core.StandardEngine -Starting Servlet Engine: Apache Tomcat/8.5.31
2019-08-01 10:35:37.179 [localhost-startStop-1] INFO  o.a.c.core.AprLifecycleListener -The APR based Apache Tomcat Native library which allows optimal performance in production environments was not found on the java.library.path: [D:\program file\java\jdk1.8.0_77\bin;C:\Windows\Sun\Java\bin;C:\Windows\system32;C:\Windows;C:\Windows\system32;C:\Windows;C:\Windows\System32\Wbem;C:\Windows\System32\WindowsPowerShell\v1.0\;C:\Program Files (x86)\NVIDIA Corporation\PhysX\Common;%JAVA_HOME%\bin;%JAVA_HOME%\jre\bin;C:\Program Files\Git\cmd;D:\Program Files\Node-V8\;D:\Program Files (x86)\go1.10\bin;D:\Program Files\Git LFS;D:\Program Files\Microsoft VS Code\bin;C:\ProgramData\chocolatey\bin;D:\Program Files\TortoiseSVN\bin;D:\practice-demo\Anaconda3;D:\practice-demo\Anaconda3\Library\usr\bin;D:\practice-demo\Anaconda3\Library\bin;D:\practice-demo\Anaconda3\Scripts;E:\maven\apache-maven-3.0.3\bin;C:\Users\yuan-pc\Downloads\mysql-5.7.19-winx64\mysql-5.7.19-winx64\bin;E:\workspaces\sso_app\doc\redis3.0;D:\Program Files\nodejs;D:\Program Files\Node-V8\node_global;C:\Users\yuan-pc\AppData\Roaming\npm;D:\Program Files\Node-V8\node_global\node_modules\weex-toolkit;E:\Projects-V\Vue-package\yanxuan-weex-demo\node_modules\weex-toolkit\bin;D:\Program Files (x86)\decomp;D:\Program Files (x86)\go1.10\bin;C:\Users\yuan-pc\AppData\Local\Google\Chrome\Application;D:\Program Files (x86)\curl;D:\Program Files (x86)\Tools\decomp;D:\Program Files (x86)\redis\redis-win-3.2.100;D:\Program Files (x86)\gradle-5.0/bin;D:\program file\java\jdk1.8.0_77\bin;D:\program file\java\jdk1.8.0_77\jre\bin;D:\Program Files (x86)\mysql-5.7.19-winx64\bin;D:\Program Files\Git LFS;D:\practice-demo\python;D:\practice-demo\Anaconda3\condabin\;C:\Program Files (x86)\Google\Chrome\Application;C:\tools\dart-sdk\bin;C:\Users\yuan-pc\AppData\Roaming\Pub\Cache\bin;D:\Program Files\Docker Toolbox;E:\maven\apache-maven-3.5.2/bin;C:\Program Files\Git\usr\bin;C:\Program Files (x86)\MyDrivers\DriverGenius;C:\Program Files (x86)\MyDrivers\DriverGenius\ksoft;.]
2019-08-01 10:35:37.260 [localhost-startStop-1] INFO  o.a.c.c.C.[Tomcat].[localhost].[/] -Initializing Spring embedded WebApplicationContext
2019-08-01 10:35:37.261 [localhost-startStop-1] INFO  o.s.web.context.ContextLoader -Root WebApplicationContext: initialization completed in 1313 ms
2019-08-01 10:35:37.405 [localhost-startStop-1] INFO  o.s.b.w.s.ServletRegistrationBean -Servlet dispatcherServlet mapped to [/]
2019-08-01 10:35:37.409 [localhost-startStop-1] INFO  o.s.b.w.s.FilterRegistrationBean -Mapping filter: 'characterEncodingFilter' to: [/*]
2019-08-01 10:35:37.410 [localhost-startStop-1] INFO  o.s.b.w.s.FilterRegistrationBean -Mapping filter: 'hiddenHttpMethodFilter' to: [/*]
2019-08-01 10:35:37.410 [localhost-startStop-1] INFO  o.s.b.w.s.FilterRegistrationBean -Mapping filter: 'httpPutFormContentFilter' to: [/*]
2019-08-01 10:35:37.410 [localhost-startStop-1] INFO  o.s.b.w.s.FilterRegistrationBean -Mapping filter: 'requestContextFilter' to: [/*]
2019-08-01 10:35:38.222 [main] INFO  o.s.w.s.h.SimpleUrlHandlerMapping -Mapped URL path [/**/favicon.ico] onto handler of type [class org.springframework.web.servlet.resource.ResourceHttpRequestHandler]
2019-08-01 10:35:38.458 [main] INFO  o.s.w.s.m.m.a.RequestMappingHandlerAdapter -Looking for @ControllerAdvice: org.springframework.boot.web.servlet.context.AnnotationConfigServletWebServerApplicationContext@13330ac6: startup date [Thu Aug 01 10:35:35 CST 2019]; root of context hierarchy
2019-08-01 10:35:38.514 [main] INFO  o.s.w.s.m.m.a.RequestMappingHandlerMapping -Mapped "{[/api/list]}" onto public com.founder.ark.common.utils.bean.ResponseObject com.example.controller.ApiController.list() throws java.lang.Exception
2019-08-01 10:35:38.515 [main] INFO  o.s.w.s.m.m.a.RequestMappingHandlerMapping -Mapped "{[/api/eventTrack],methods=[POST]}" onto public com.founder.ark.common.utils.bean.ResponseObject com.example.controller.ApiController.eventTrack() throws java.lang.Exception
2019-08-01 10:35:38.517 [main] INFO  o.s.w.s.m.m.a.RequestMappingHandlerMapping -Mapped "{[/api/siteNews],methods=[POST]}" onto public com.founder.ark.common.utils.bean.ResponseObject com.example.controller.ApiController.siteNews(java.lang.String,java.util.List<java.lang.String>) throws java.lang.Exception
2019-08-01 10:35:38.517 [main] INFO  o.s.w.s.m.m.a.RequestMappingHandlerMapping -Mapped "{[/api/keyWordKpi],methods=[POST]}" onto public com.founder.ark.common.utils.bean.ResponseObject com.example.controller.ApiController.keyWordKpi(java.lang.String,java.util.List<java.lang.String>) throws java.lang.Exception
2019-08-01 10:35:38.517 [main] INFO  o.s.w.s.m.m.a.RequestMappingHandlerMapping -Mapped "{[/api/keyWordNews],methods=[POST]}" onto public com.founder.ark.common.utils.bean.ResponseObject com.example.controller.ApiController.keyWordNews(java.lang.String,java.util.List<java.lang.String>) throws java.lang.Exception
2019-08-01 10:35:38.518 [main] INFO  o.s.w.s.m.m.a.RequestMappingHandlerMapping -Mapped "{[/api/hotNews],methods=[POST]}" onto public com.founder.ark.common.utils.bean.ResponseObject com.example.controller.ApiController.hotNews(java.lang.String,java.util.List<java.lang.String>) throws java.lang.Exception
2019-08-01 10:35:38.518 [main] INFO  o.s.w.s.m.m.a.RequestMappingHandlerMapping -Mapped "{[/api/originalNews],methods=[POST]}" onto public com.founder.ark.common.utils.bean.ResponseObject com.example.controller.ApiController.originalNews(java.lang.String,java.util.List<java.lang.String>) throws java.lang.Exception
2019-08-01 10:35:38.518 [main] INFO  o.s.w.s.m.m.a.RequestMappingHandlerMapping -Mapped "{[/api/emotion],methods=[POST]}" onto public com.founder.ark.common.utils.bean.ResponseObject com.example.controller.ApiController.emotion(java.lang.String,java.util.List<java.lang.String>) throws java.lang.Exception
2019-08-01 10:35:38.518 [main] INFO  o.s.w.s.m.m.a.RequestMappingHandlerMapping -Mapped "{[/api/zlmtNews],methods=[POST]}" onto public com.founder.ark.common.utils.bean.ResponseObject com.example.controller.ApiController.zlmtNews(java.lang.String,java.util.List<java.lang.String>) throws java.lang.Exception
2019-08-01 10:35:38.519 [main] INFO  o.s.w.s.m.m.a.RequestMappingHandlerMapping -Mapped "{[/api/articlePress],methods=[POST]}" onto public com.founder.ark.common.utils.bean.ResponseObject com.example.controller.ApiController.articlePress(java.lang.String,java.util.List<java.lang.String>) throws java.lang.Exception
2019-08-01 10:35:38.519 [main] INFO  o.s.w.s.m.m.a.RequestMappingHandlerMapping -Mapped "{[/api/spreadMap],methods=[POST]}" onto public com.founder.ark.common.utils.bean.ResponseObject com.example.controller.ApiController.spreadMap(java.lang.String,java.util.List<java.lang.String>) throws java.lang.Exception
2019-08-01 10:35:38.521 [main] INFO  o.s.w.s.m.m.a.RequestMappingHandlerMapping -Mapped "{[/news/KeyWordKpi]}" onto public java.lang.String com.example.controller.TestController.test4() throws java.lang.Exception
2019-08-01 10:35:38.521 [main] INFO  o.s.w.s.m.m.a.RequestMappingHandlerMapping -Mapped "{[/news/eventTrack]}" onto public java.lang.String com.example.controller.TestController.eventTrack() throws java.lang.Exception
2019-08-01 10:35:38.521 [main] INFO  o.s.w.s.m.m.a.RequestMappingHandlerMapping -Mapped "{[/news/SpreadMap]}" onto public java.lang.String com.example.controller.TestController.SpreadMap() throws java.lang.Exception
2019-08-01 10:35:38.521 [main] INFO  o.s.w.s.m.m.a.RequestMappingHandlerMapping -Mapped "{[/news/KeyWord]}" onto public java.lang.String com.example.controller.TestController.test2() throws java.lang.Exception
2019-08-01 10:35:38.521 [main] INFO  o.s.w.s.m.m.a.RequestMappingHandlerMapping -Mapped "{[/news/test]}" onto public java.lang.String com.example.controller.TestController.test1() throws java.lang.Exception
2019-08-01 10:35:38.522 [main] INFO  o.s.w.s.m.m.a.RequestMappingHandlerMapping -Mapped "{[/news/HotNews]}" onto public java.lang.String com.example.controller.TestController.test5() throws java.lang.Exception
2019-08-01 10:35:38.522 [main] INFO  o.s.w.s.m.m.a.RequestMappingHandlerMapping -Mapped "{[/news/emotion]}" onto public java.lang.String com.example.controller.TestController.test3() throws java.lang.Exception
2019-08-01 10:35:38.522 [main] INFO  o.s.w.s.m.m.a.RequestMappingHandlerMapping -Mapped "{[/news/kpi]}" onto public java.lang.String com.example.controller.TestController.kpi() throws java.lang.Exception
2019-08-01 10:35:38.522 [main] INFO  o.s.w.s.m.m.a.RequestMappingHandlerMapping -Mapped "{[/news/sitekpi]}" onto public java.lang.String com.example.controller.TestController.sitekpi() throws java.lang.Exception
2019-08-01 10:35:38.524 [main] INFO  o.s.w.s.m.m.a.RequestMappingHandlerMapping -Mapped "{[/error]}" onto public org.springframework.http.ResponseEntity<java.util.Map<java.lang.String, java.lang.Object>> org.springframework.boot.autoconfigure.web.servlet.error.BasicErrorController.error(javax.servlet.http.HttpServletRequest)
2019-08-01 10:35:38.525 [main] INFO  o.s.w.s.m.m.a.RequestMappingHandlerMapping -Mapped "{[/error],produces=[text/html]}" onto public org.springframework.web.servlet.ModelAndView org.springframework.boot.autoconfigure.web.servlet.error.BasicErrorController.errorHtml(javax.servlet.http.HttpServletRequest,javax.servlet.http.HttpServletResponse)
2019-08-01 10:35:38.559 [main] INFO  o.s.w.s.h.SimpleUrlHandlerMapping -Mapped URL path [/webjars/**] onto handler of type [class org.springframework.web.servlet.resource.ResourceHttpRequestHandler]
2019-08-01 10:35:38.559 [main] INFO  o.s.w.s.h.SimpleUrlHandlerMapping -Mapped URL path [/**] onto handler of type [class org.springframework.web.servlet.resource.ResourceHttpRequestHandler]
2019-08-01 10:35:38.869 [main] INFO  o.s.j.e.a.AnnotationMBeanExporter -Registering beans for JMX exposure on startup
2019-08-01 10:35:38.871 [main] INFO  o.s.j.e.a.AnnotationMBeanExporter -Bean with name 'dataSource' has been autodetected for JMX exposure
2019-08-01 10:35:38.876 [main] INFO  o.s.j.e.a.AnnotationMBeanExporter -Located MBean 'dataSource': registering with JMX server as MBean [com.zaxxer.hikari:name=dataSource,type=HikariDataSource]
2019-08-01 10:35:38.889 [main] INFO  o.a.coyote.http11.Http11NioProtocol -Starting ProtocolHandler ["http-nio-8019"]
2019-08-01 10:35:38.900 [main] INFO  o.a.tomcat.util.net.NioSelectorPool -Using a shared selector for servlet write/read
2019-08-01 10:35:38.915 [main] INFO  o.s.b.w.e.tomcat.TomcatWebServer -Tomcat started on port(s): 8019 (http) with context path ''
2019-08-01 10:35:38.919 [main] INFO  com.example.SpringbootApplication -Started SpringbootApplication in 3.467 seconds (JVM running for 4.43)
2019-08-01 10:35:38.922 [main] INFO  com.example.SpringbootApplication -[springboot]已初始化完毕，服务已开启，正在等待定时任务执行...
2019-08-01 10:38:09.075 [http-nio-8019-exec-1] INFO  o.a.c.c.C.[Tomcat].[localhost].[/] -Initializing Spring FrameworkServlet 'dispatcherServlet'
2019-08-01 10:38:09.075 [http-nio-8019-exec-1] INFO  o.s.web.servlet.DispatcherServlet -FrameworkServlet 'dispatcherServlet': initialization started
2019-08-01 10:38:09.100 [http-nio-8019-exec-1] INFO  o.s.web.servlet.DispatcherServlet -FrameworkServlet 'dispatcherServlet': initialization completed in 25 ms
2019-08-01 10:38:24.324 [http-nio-8019-exec-1] INFO  com.zaxxer.hikari.HikariDataSource -HikariPool-1 - Starting...
2019-08-01 10:38:25.108 [http-nio-8019-exec-1] INFO  com.zaxxer.hikari.HikariDataSource -HikariPool-1 - Start completed.
2019-08-01 15:48:49.136 [main] INFO  com.example.SpringbootApplication -Starting SpringbootApplication on yuan-zk with PID 5320 (E:\xxxxx\coding\new-space\amcc-truck-bsp\Site_NewsKpi\target\classes started by yuan-pc in E:\xxxxx\coding\new-space\amcc-truck-bsp\Site_NewsKpi)
2019-08-01 15:48:49.139 [main] INFO  com.example.SpringbootApplication -No active profile set, falling back to default profiles: default
2019-08-01 15:48:49.178 [main] INFO  o.s.b.w.s.c.AnnotationConfigServletWebServerApplicationContext -Refreshing org.springframework.boot.web.servlet.context.AnnotationConfigServletWebServerApplicationContext@7a362b6b: startup date [Thu Aug 01 15:48:49 CST 2019]; root of context hierarchy
2019-08-01 15:48:49.996 [main] INFO  o.s.c.s.PostProcessorRegistrationDelegate$BeanPostProcessorChecker -Bean 'taskExcutorConfig' of type [com.example.TaskExcutorConfig$$EnhancerBySpringCGLIB$$5ea5d009] is not eligible for getting processed by all BeanPostProcessors (for example: not eligible for auto-proxying)
2019-08-01 15:48:50.000 [main] INFO  o.s.s.c.ThreadPoolTaskExecutor -Initializing ExecutorService 
2019-08-01 15:48:50.053 [main] INFO  o.s.c.s.PostProcessorRegistrationDelegate$BeanPostProcessorChecker -Bean 'org.springframework.amqp.rabbit.annotation.RabbitBootstrapConfiguration' of type [org.springframework.amqp.rabbit.annotation.RabbitBootstrapConfiguration$$EnhancerBySpringCGLIB$$8a53d3b4] is not eligible for getting processed by all BeanPostProcessors (for example: not eligible for auto-proxying)
2019-08-01 15:48:50.483 [main] INFO  o.s.b.w.e.tomcat.TomcatWebServer -Tomcat initialized with port(s): 8019 (http)
2019-08-01 15:48:50.496 [main] INFO  o.a.coyote.http11.Http11NioProtocol -Initializing ProtocolHandler ["http-nio-8019"]
2019-08-01 15:48:50.506 [main] INFO  o.a.catalina.core.StandardService -Starting service [Tomcat]
2019-08-01 15:48:50.506 [main] INFO  o.a.catalina.core.StandardEngine -Starting Servlet Engine: Apache Tomcat/8.5.31
2019-08-01 15:48:50.510 [localhost-startStop-1] INFO  o.a.c.core.AprLifecycleListener -The APR based Apache Tomcat Native library which allows optimal performance in production environments was not found on the java.library.path: [D:\program file\java\jdk1.8.0_77\bin;C:\Windows\Sun\Java\bin;C:\Windows\system32;C:\Windows;C:\Windows\system32;C:\Windows;C:\Windows\System32\Wbem;C:\Windows\System32\WindowsPowerShell\v1.0\;C:\Program Files (x86)\NVIDIA Corporation\PhysX\Common;%JAVA_HOME%\bin;%JAVA_HOME%\jre\bin;C:\Program Files\Git\cmd;D:\Program Files\Node-V8\;D:\Program Files (x86)\go1.10\bin;D:\Program Files\Git LFS;D:\Program Files\Microsoft VS Code\bin;C:\ProgramData\chocolatey\bin;D:\Program Files\TortoiseSVN\bin;D:\practice-demo\Anaconda3;D:\practice-demo\Anaconda3\Library\usr\bin;D:\practice-demo\Anaconda3\Library\bin;D:\practice-demo\Anaconda3\Scripts;E:\maven\apache-maven-3.0.3\bin;C:\Users\yuan-pc\Downloads\mysql-5.7.19-winx64\mysql-5.7.19-winx64\bin;E:\workspaces\sso_app\doc\redis3.0;D:\Program Files\nodejs;D:\Program Files\Node-V8\node_global;C:\Users\yuan-pc\AppData\Roaming\npm;D:\Program Files\Node-V8\node_global\node_modules\weex-toolkit;E:\Projects-V\Vue-package\yanxuan-weex-demo\node_modules\weex-toolkit\bin;D:\Program Files (x86)\decomp;D:\Program Files (x86)\go1.10\bin;C:\Users\yuan-pc\AppData\Local\Google\Chrome\Application;D:\Program Files (x86)\curl;D:\Program Files (x86)\Tools\decomp;D:\Program Files (x86)\redis\redis-win-3.2.100;D:\Program Files (x86)\gradle-5.0/bin;D:\program file\java\jdk1.8.0_77\bin;D:\program file\java\jdk1.8.0_77\jre\bin;D:\Program Files (x86)\mysql-5.7.19-winx64\bin;D:\Program Files\Git LFS;D:\practice-demo\python;D:\practice-demo\Anaconda3\condabin\;C:\Program Files (x86)\Google\Chrome\Application;C:\tools\dart-sdk\bin;C:\Users\yuan-pc\AppData\Roaming\Pub\Cache\bin;D:\Program Files\Docker Toolbox;E:\maven\apache-maven-3.5.2/bin;C:\Program Files\Git\usr\bin;C:\Program Files (x86)\MyDrivers\DriverGenius;C:\Program Files (x86)\MyDrivers\DriverGenius\ksoft;.]
2019-08-01 15:48:50.588 [localhost-startStop-1] INFO  o.a.c.c.C.[Tomcat].[localhost].[/] -Initializing Spring embedded WebApplicationContext
2019-08-01 15:48:50.588 [localhost-startStop-1] INFO  o.s.web.context.ContextLoader -Root WebApplicationContext: initialization completed in 1410 ms
2019-08-01 15:48:50.738 [localhost-startStop-1] INFO  o.s.b.w.s.ServletRegistrationBean -Servlet dispatcherServlet mapped to [/]
2019-08-01 15:48:50.743 [localhost-startStop-1] INFO  o.s.b.w.s.FilterRegistrationBean -Mapping filter: 'characterEncodingFilter' to: [/*]
2019-08-01 15:48:50.743 [localhost-startStop-1] INFO  o.s.b.w.s.FilterRegistrationBean -Mapping filter: 'hiddenHttpMethodFilter' to: [/*]
2019-08-01 15:48:50.743 [localhost-startStop-1] INFO  o.s.b.w.s.FilterRegistrationBean -Mapping filter: 'httpPutFormContentFilter' to: [/*]
2019-08-01 15:48:50.743 [localhost-startStop-1] INFO  o.s.b.w.s.FilterRegistrationBean -Mapping filter: 'requestContextFilter' to: [/*]
2019-08-01 15:48:51.475 [main] INFO  o.s.w.s.h.SimpleUrlHandlerMapping -Mapped URL path [/**/favicon.ico] onto handler of type [class org.springframework.web.servlet.resource.ResourceHttpRequestHandler]
2019-08-01 15:48:51.692 [main] INFO  o.s.w.s.m.m.a.RequestMappingHandlerAdapter -Looking for @ControllerAdvice: org.springframework.boot.web.servlet.context.AnnotationConfigServletWebServerApplicationContext@7a362b6b: startup date [Thu Aug 01 15:48:49 CST 2019]; root of context hierarchy
2019-08-01 15:48:51.757 [main] INFO  o.s.w.s.m.m.a.RequestMappingHandlerMapping -Mapped "{[/api/list]}" onto public com.founder.ark.common.utils.bean.ResponseObject com.example.controller.ApiController.list() throws java.lang.Exception
2019-08-01 15:48:51.758 [main] INFO  o.s.w.s.m.m.a.RequestMappingHandlerMapping -Mapped "{[/api/eventTrack],methods=[POST]}" onto public com.founder.ark.common.utils.bean.ResponseObject com.example.controller.ApiController.eventTrack() throws java.lang.Exception
2019-08-01 15:48:51.760 [main] INFO  o.s.w.s.m.m.a.RequestMappingHandlerMapping -Mapped "{[/api/siteNews],methods=[POST]}" onto public com.founder.ark.common.utils.bean.ResponseObject com.example.controller.ApiController.siteNews(java.lang.String,java.util.List<java.lang.String>) throws java.lang.Exception
2019-08-01 15:48:51.760 [main] INFO  o.s.w.s.m.m.a.RequestMappingHandlerMapping -Mapped "{[/api/keyWordKpi],methods=[POST]}" onto public com.founder.ark.common.utils.bean.ResponseObject com.example.controller.ApiController.keyWordKpi(java.lang.String,java.util.List<java.lang.String>) throws java.lang.Exception
2019-08-01 15:48:51.760 [main] INFO  o.s.w.s.m.m.a.RequestMappingHandlerMapping -Mapped "{[/api/keyWordNews],methods=[POST]}" onto public com.founder.ark.common.utils.bean.ResponseObject com.example.controller.ApiController.keyWordNews(java.lang.String,java.util.List<java.lang.String>) throws java.lang.Exception
2019-08-01 15:48:51.760 [main] INFO  o.s.w.s.m.m.a.RequestMappingHandlerMapping -Mapped "{[/api/hotNews],methods=[POST]}" onto public com.founder.ark.common.utils.bean.ResponseObject com.example.controller.ApiController.hotNews(java.lang.String,java.util.List<java.lang.String>) throws java.lang.Exception
2019-08-01 15:48:51.761 [main] INFO  o.s.w.s.m.m.a.RequestMappingHandlerMapping -Mapped "{[/api/originalNews],methods=[POST]}" onto public com.founder.ark.common.utils.bean.ResponseObject com.example.controller.ApiController.originalNews(java.lang.String,java.util.List<java.lang.String>) throws java.lang.Exception
2019-08-01 15:48:51.761 [main] INFO  o.s.w.s.m.m.a.RequestMappingHandlerMapping -Mapped "{[/api/emotion],methods=[POST]}" onto public com.founder.ark.common.utils.bean.ResponseObject com.example.controller.ApiController.emotion(java.lang.String,java.util.List<java.lang.String>) throws java.lang.Exception
2019-08-01 15:48:51.761 [main] INFO  o.s.w.s.m.m.a.RequestMappingHandlerMapping -Mapped "{[/api/zlmtNews],methods=[POST]}" onto public com.founder.ark.common.utils.bean.ResponseObject com.example.controller.ApiController.zlmtNews(java.lang.String,java.util.List<java.lang.String>) throws java.lang.Exception
2019-08-01 15:48:51.761 [main] INFO  o.s.w.s.m.m.a.RequestMappingHandlerMapping -Mapped "{[/api/articlePress],methods=[POST]}" onto public com.founder.ark.common.utils.bean.ResponseObject com.example.controller.ApiController.articlePress(java.lang.String,java.util.List<java.lang.String>) throws java.lang.Exception
2019-08-01 15:48:51.762 [main] INFO  o.s.w.s.m.m.a.RequestMappingHandlerMapping -Mapped "{[/api/spreadMap],methods=[POST]}" onto public com.founder.ark.common.utils.bean.ResponseObject com.example.controller.ApiController.spreadMap(java.lang.String,java.util.List<java.lang.String>) throws java.lang.Exception
2019-08-01 15:48:51.763 [main] INFO  o.s.w.s.m.m.a.RequestMappingHandlerMapping -Mapped "{[/news/KeyWordKpi]}" onto public java.lang.String com.example.controller.TestController.test4() throws java.lang.Exception
2019-08-01 15:48:51.763 [main] INFO  o.s.w.s.m.m.a.RequestMappingHandlerMapping -Mapped "{[/news/eventTrack]}" onto public java.lang.String com.example.controller.TestController.eventTrack() throws java.lang.Exception
2019-08-01 15:48:51.763 [main] INFO  o.s.w.s.m.m.a.RequestMappingHandlerMapping -Mapped "{[/news/SpreadMap]}" onto public java.lang.String com.example.controller.TestController.SpreadMap() throws java.lang.Exception
2019-08-01 15:48:51.764 [main] INFO  o.s.w.s.m.m.a.RequestMappingHandlerMapping -Mapped "{[/news/KeyWord]}" onto public java.lang.String com.example.controller.TestController.test2() throws java.lang.Exception
2019-08-01 15:48:51.764 [main] INFO  o.s.w.s.m.m.a.RequestMappingHandlerMapping -Mapped "{[/news/test]}" onto public java.lang.String com.example.controller.TestController.test1() throws java.lang.Exception
2019-08-01 15:48:51.764 [main] INFO  o.s.w.s.m.m.a.RequestMappingHandlerMapping -Mapped "{[/news/HotNews]}" onto public java.lang.String com.example.controller.TestController.test5() throws java.lang.Exception
2019-08-01 15:48:51.764 [main] INFO  o.s.w.s.m.m.a.RequestMappingHandlerMapping -Mapped "{[/news/emotion]}" onto public java.lang.String com.example.controller.TestController.test3() throws java.lang.Exception
2019-08-01 15:48:51.764 [main] INFO  o.s.w.s.m.m.a.RequestMappingHandlerMapping -Mapped "{[/news/kpi]}" onto public java.lang.String com.example.controller.TestController.kpi() throws java.lang.Exception
2019-08-01 15:48:51.764 [main] INFO  o.s.w.s.m.m.a.RequestMappingHandlerMapping -Mapped "{[/news/sitekpi]}" onto public java.lang.String com.example.controller.TestController.sitekpi() throws java.lang.Exception
2019-08-01 15:48:51.765 [main] INFO  o.s.w.s.m.m.a.RequestMappingHandlerMapping -Mapped "{[/doc/modifyDoc]}" onto public java.lang.String com.example.test.controller.DocController.modifyDoc()
2019-08-01 15:48:51.766 [main] INFO  o.s.w.s.m.m.a.RequestMappingHandlerMapping -Mapped "{[/doc/createDoc]}" onto public java.lang.String com.example.test.controller.DocController.createDoc()
2019-08-01 15:48:51.766 [main] INFO  o.s.w.s.m.m.a.RequestMappingHandlerMapping -Mapped "{[/doc/deleteDoc]}" onto public java.lang.String com.example.test.controller.DocController.deleteDoc()
2019-08-01 15:48:51.768 [main] INFO  o.s.w.s.m.m.a.RequestMappingHandlerMapping -Mapped "{[/error]}" onto public org.springframework.http.ResponseEntity<java.util.Map<java.lang.String, java.lang.Object>> org.springframework.boot.autoconfigure.web.servlet.error.BasicErrorController.error(javax.servlet.http.HttpServletRequest)
2019-08-01 15:48:51.768 [main] INFO  o.s.w.s.m.m.a.RequestMappingHandlerMapping -Mapped "{[/error],produces=[text/html]}" onto public org.springframework.web.servlet.ModelAndView org.springframework.boot.autoconfigure.web.servlet.error.BasicErrorController.errorHtml(javax.servlet.http.HttpServletRequest,javax.servlet.http.HttpServletResponse)
2019-08-01 15:48:51.801 [main] INFO  o.s.w.s.h.SimpleUrlHandlerMapping -Mapped URL path [/webjars/**] onto handler of type [class org.springframework.web.servlet.resource.ResourceHttpRequestHandler]
2019-08-01 15:48:51.801 [main] INFO  o.s.w.s.h.SimpleUrlHandlerMapping -Mapped URL path [/**] onto handler of type [class org.springframework.web.servlet.resource.ResourceHttpRequestHandler]
2019-08-01 15:48:52.208 [main] INFO  o.s.j.e.a.AnnotationMBeanExporter -Registering beans for JMX exposure on startup
2019-08-01 15:48:52.210 [main] INFO  o.s.j.e.a.AnnotationMBeanExporter -Bean with name 'dataSource' has been autodetected for JMX exposure
2019-08-01 15:48:52.217 [main] INFO  o.s.j.e.a.AnnotationMBeanExporter -Bean with name 'rabbitConnectionFactory' has been autodetected for JMX exposure
2019-08-01 15:48:52.220 [main] INFO  o.s.j.e.a.AnnotationMBeanExporter -Located MBean 'dataSource': registering with JMX server as MBean [com.zaxxer.hikari:name=dataSource,type=HikariDataSource]
2019-08-01 15:48:52.222 [main] INFO  o.s.j.e.a.AnnotationMBeanExporter -Located managed bean 'rabbitConnectionFactory': registering with JMX server as MBean [org.springframework.amqp.rabbit.connection:name=rabbitConnectionFactory,type=CachingConnectionFactory]
2019-08-01 15:48:52.242 [main] INFO  o.s.c.s.DefaultLifecycleProcessor -Starting beans in phase 2147483647
2019-08-01 15:48:52.252 [main] INFO  o.a.coyote.http11.Http11NioProtocol -Starting ProtocolHandler ["http-nio-8019"]
2019-08-01 15:48:52.263 [main] INFO  o.a.tomcat.util.net.NioSelectorPool -Using a shared selector for servlet write/read
2019-08-01 15:48:52.276 [main] INFO  o.s.b.w.e.tomcat.TomcatWebServer -Tomcat started on port(s): 8019 (http) with context path ''
2019-08-01 15:48:52.280 [main] INFO  com.example.SpringbootApplication -Started SpringbootApplication in 3.599 seconds (JVM running for 4.634)
2019-08-01 15:48:52.283 [main] INFO  com.example.SpringbootApplication -[springboot]已初始化完毕，服务已开启，正在等待定时任务执行...
2019-08-01 16:24:38.462 [main] INFO  com.example.SpringbootApplication -Starting SpringbootApplication on yuan-zk with PID 9904 (E:\xxxxx\coding\new-space\amcc-truck-bsp\Site_NewsKpi\target\classes started by yuan-pc in E:\xxxxx\coding\new-space\amcc-truck-bsp\Site_NewsKpi)
2019-08-01 16:24:38.467 [main] INFO  com.example.SpringbootApplication -No active profile set, falling back to default profiles: default
2019-08-01 16:24:38.518 [main] INFO  o.s.b.w.s.c.AnnotationConfigServletWebServerApplicationContext -Refreshing org.springframework.boot.web.servlet.context.AnnotationConfigServletWebServerApplicationContext@38ba6ce3: startup date [Thu Aug 01 16:24:38 CST 2019]; root of context hierarchy
2019-08-01 16:24:39.376 [main] INFO  o.s.c.s.PostProcessorRegistrationDelegate$BeanPostProcessorChecker -Bean 'taskExcutorConfig' of type [com.example.TaskExcutorConfig$$EnhancerBySpringCGLIB$$2d7cd518] is not eligible for getting processed by all BeanPostProcessors (for example: not eligible for auto-proxying)
2019-08-01 16:24:39.380 [main] INFO  o.s.s.c.ThreadPoolTaskExecutor -Initializing ExecutorService 
2019-08-01 16:24:39.429 [main] INFO  o.s.c.s.PostProcessorRegistrationDelegate$BeanPostProcessorChecker -Bean 'org.springframework.amqp.rabbit.annotation.RabbitBootstrapConfiguration' of type [org.springframework.amqp.rabbit.annotation.RabbitBootstrapConfiguration$$EnhancerBySpringCGLIB$$592ad8c3] is not eligible for getting processed by all BeanPostProcessors (for example: not eligible for auto-proxying)
2019-08-01 16:24:39.858 [main] INFO  o.s.b.w.e.tomcat.TomcatWebServer -Tomcat initialized with port(s): 8019 (http)
2019-08-01 16:24:39.872 [main] INFO  o.a.coyote.http11.Http11NioProtocol -Initializing ProtocolHandler ["http-nio-8019"]
2019-08-01 16:24:39.881 [main] INFO  o.a.catalina.core.StandardService -Starting service [Tomcat]
2019-08-01 16:24:39.882 [main] INFO  o.a.catalina.core.StandardEngine -Starting Servlet Engine: Apache Tomcat/8.5.31
2019-08-01 16:24:39.886 [localhost-startStop-1] INFO  o.a.c.core.AprLifecycleListener -The APR based Apache Tomcat Native library which allows optimal performance in production environments was not found on the java.library.path: [D:\program file\java\jdk1.8.0_77\bin;C:\Windows\Sun\Java\bin;C:\Windows\system32;C:\Windows;C:\Windows\system32;C:\Windows;C:\Windows\System32\Wbem;C:\Windows\System32\WindowsPowerShell\v1.0\;C:\Program Files (x86)\NVIDIA Corporation\PhysX\Common;%JAVA_HOME%\bin;%JAVA_HOME%\jre\bin;C:\Program Files\Git\cmd;D:\Program Files\Node-V8\;D:\Program Files (x86)\go1.10\bin;D:\Program Files\Git LFS;D:\Program Files\Microsoft VS Code\bin;C:\ProgramData\chocolatey\bin;D:\Program Files\TortoiseSVN\bin;D:\practice-demo\Anaconda3;D:\practice-demo\Anaconda3\Library\usr\bin;D:\practice-demo\Anaconda3\Library\bin;D:\practice-demo\Anaconda3\Scripts;E:\maven\apache-maven-3.0.3\bin;C:\Users\yuan-pc\Downloads\mysql-5.7.19-winx64\mysql-5.7.19-winx64\bin;E:\workspaces\sso_app\doc\redis3.0;D:\Program Files\nodejs;D:\Program Files\Node-V8\node_global;C:\Users\yuan-pc\AppData\Roaming\npm;D:\Program Files\Node-V8\node_global\node_modules\weex-toolkit;E:\Projects-V\Vue-package\yanxuan-weex-demo\node_modules\weex-toolkit\bin;D:\Program Files (x86)\decomp;D:\Program Files (x86)\go1.10\bin;C:\Users\yuan-pc\AppData\Local\Google\Chrome\Application;D:\Program Files (x86)\curl;D:\Program Files (x86)\Tools\decomp;D:\Program Files (x86)\redis\redis-win-3.2.100;D:\Program Files (x86)\gradle-5.0/bin;D:\program file\java\jdk1.8.0_77\bin;D:\program file\java\jdk1.8.0_77\jre\bin;D:\Program Files (x86)\mysql-5.7.19-winx64\bin;D:\Program Files\Git LFS;D:\practice-demo\python;D:\practice-demo\Anaconda3\condabin\;C:\Program Files (x86)\Google\Chrome\Application;C:\tools\dart-sdk\bin;C:\Users\yuan-pc\AppData\Roaming\Pub\Cache\bin;D:\Program Files\Docker Toolbox;E:\maven\apache-maven-3.5.2/bin;C:\Program Files\Git\usr\bin;C:\Program Files (x86)\MyDrivers\DriverGenius;C:\Program Files (x86)\MyDrivers\DriverGenius\ksoft;.]
2019-08-01 16:24:39.997 [localhost-startStop-1] INFO  o.a.c.c.C.[Tomcat].[localhost].[/] -Initializing Spring embedded WebApplicationContext
2019-08-01 16:24:39.997 [localhost-startStop-1] INFO  o.s.web.context.ContextLoader -Root WebApplicationContext: initialization completed in 1479 ms
2019-08-01 16:24:40.149 [localhost-startStop-1] INFO  o.s.b.w.s.ServletRegistrationBean -Servlet dispatcherServlet mapped to [/]
2019-08-01 16:24:40.154 [localhost-startStop-1] INFO  o.s.b.w.s.FilterRegistrationBean -Mapping filter: 'characterEncodingFilter' to: [/*]
2019-08-01 16:24:40.154 [localhost-startStop-1] INFO  o.s.b.w.s.FilterRegistrationBean -Mapping filter: 'hiddenHttpMethodFilter' to: [/*]
2019-08-01 16:24:40.155 [localhost-startStop-1] INFO  o.s.b.w.s.FilterRegistrationBean -Mapping filter: 'httpPutFormContentFilter' to: [/*]
2019-08-01 16:24:40.155 [localhost-startStop-1] INFO  o.s.b.w.s.FilterRegistrationBean -Mapping filter: 'requestContextFilter' to: [/*]
2019-08-01 16:24:40.928 [main] INFO  o.s.w.s.h.SimpleUrlHandlerMapping -Mapped URL path [/**/favicon.ico] onto handler of type [class org.springframework.web.servlet.resource.ResourceHttpRequestHandler]
2019-08-01 16:24:41.131 [main] INFO  o.s.w.s.m.m.a.RequestMappingHandlerAdapter -Looking for @ControllerAdvice: org.springframework.boot.web.servlet.context.AnnotationConfigServletWebServerApplicationContext@38ba6ce3: startup date [Thu Aug 01 16:24:38 CST 2019]; root of context hierarchy
2019-08-01 16:24:41.189 [main] INFO  o.s.w.s.m.m.a.RequestMappingHandlerMapping -Mapped "{[/api/list]}" onto public com.founder.ark.common.utils.bean.ResponseObject com.example.controller.ApiController.list() throws java.lang.Exception
2019-08-01 16:24:41.190 [main] INFO  o.s.w.s.m.m.a.RequestMappingHandlerMapping -Mapped "{[/api/eventTrack],methods=[POST]}" onto public com.founder.ark.common.utils.bean.ResponseObject com.example.controller.ApiController.eventTrack() throws java.lang.Exception
2019-08-01 16:24:41.192 [main] INFO  o.s.w.s.m.m.a.RequestMappingHandlerMapping -Mapped "{[/api/siteNews],methods=[POST]}" onto public com.founder.ark.common.utils.bean.ResponseObject com.example.controller.ApiController.siteNews(java.lang.String,java.util.List<java.lang.String>) throws java.lang.Exception
2019-08-01 16:24:41.192 [main] INFO  o.s.w.s.m.m.a.RequestMappingHandlerMapping -Mapped "{[/api/keyWordKpi],methods=[POST]}" onto public com.founder.ark.common.utils.bean.ResponseObject com.example.controller.ApiController.keyWordKpi(java.lang.String,java.util.List<java.lang.String>) throws java.lang.Exception
2019-08-01 16:24:41.193 [main] INFO  o.s.w.s.m.m.a.RequestMappingHandlerMapping -Mapped "{[/api/keyWordNews],methods=[POST]}" onto public com.founder.ark.common.utils.bean.ResponseObject com.example.controller.ApiController.keyWordNews(java.lang.String,java.util.List<java.lang.String>) throws java.lang.Exception
2019-08-01 16:24:41.193 [main] INFO  o.s.w.s.m.m.a.RequestMappingHandlerMapping -Mapped "{[/api/hotNews],methods=[POST]}" onto public com.founder.ark.common.utils.bean.ResponseObject com.example.controller.ApiController.hotNews(java.lang.String,java.util.List<java.lang.String>) throws java.lang.Exception
2019-08-01 16:24:41.193 [main] INFO  o.s.w.s.m.m.a.RequestMappingHandlerMapping -Mapped "{[/api/originalNews],methods=[POST]}" onto public com.founder.ark.common.utils.bean.ResponseObject com.example.controller.ApiController.originalNews(java.lang.String,java.util.List<java.lang.String>) throws java.lang.Exception
2019-08-01 16:24:41.193 [main] INFO  o.s.w.s.m.m.a.RequestMappingHandlerMapping -Mapped "{[/api/emotion],methods=[POST]}" onto public com.founder.ark.common.utils.bean.ResponseObject com.example.controller.ApiController.emotion(java.lang.String,java.util.List<java.lang.String>) throws java.lang.Exception
2019-08-01 16:24:41.194 [main] INFO  o.s.w.s.m.m.a.RequestMappingHandlerMapping -Mapped "{[/api/zlmtNews],methods=[POST]}" onto public com.founder.ark.common.utils.bean.ResponseObject com.example.controller.ApiController.zlmtNews(java.lang.String,java.util.List<java.lang.String>) throws java.lang.Exception
2019-08-01 16:24:41.194 [main] INFO  o.s.w.s.m.m.a.RequestMappingHandlerMapping -Mapped "{[/api/articlePress],methods=[POST]}" onto public com.founder.ark.common.utils.bean.ResponseObject com.example.controller.ApiController.articlePress(java.lang.String,java.util.List<java.lang.String>) throws java.lang.Exception
2019-08-01 16:24:41.194 [main] INFO  o.s.w.s.m.m.a.RequestMappingHandlerMapping -Mapped "{[/api/spreadMap],methods=[POST]}" onto public com.founder.ark.common.utils.bean.ResponseObject com.example.controller.ApiController.spreadMap(java.lang.String,java.util.List<java.lang.String>) throws java.lang.Exception
2019-08-01 16:24:41.196 [main] INFO  o.s.w.s.m.m.a.RequestMappingHandlerMapping -Mapped "{[/news/eventTrack]}" onto public java.lang.String com.example.controller.TestController.eventTrack() throws java.lang.Exception
2019-08-01 16:24:41.196 [main] INFO  o.s.w.s.m.m.a.RequestMappingHandlerMapping -Mapped "{[/news/SpreadMap]}" onto public java.lang.String com.example.controller.TestController.SpreadMap() throws java.lang.Exception
2019-08-01 16:24:41.196 [main] INFO  o.s.w.s.m.m.a.RequestMappingHandlerMapping -Mapped "{[/news/test]}" onto public java.lang.String com.example.controller.TestController.test1() throws java.lang.Exception
2019-08-01 16:24:41.196 [main] INFO  o.s.w.s.m.m.a.RequestMappingHandlerMapping -Mapped "{[/news/KeyWordKpi]}" onto public java.lang.String com.example.controller.TestController.test4() throws java.lang.Exception
2019-08-01 16:24:41.196 [main] INFO  o.s.w.s.m.m.a.RequestMappingHandlerMapping -Mapped "{[/news/KeyWord]}" onto public java.lang.String com.example.controller.TestController.test2() throws java.lang.Exception
2019-08-01 16:24:41.196 [main] INFO  o.s.w.s.m.m.a.RequestMappingHandlerMapping -Mapped "{[/news/HotNews]}" onto public java.lang.String com.example.controller.TestController.test5() throws java.lang.Exception
2019-08-01 16:24:41.196 [main] INFO  o.s.w.s.m.m.a.RequestMappingHandlerMapping -Mapped "{[/news/emotion]}" onto public java.lang.String com.example.controller.TestController.test3() throws java.lang.Exception
2019-08-01 16:24:41.197 [main] INFO  o.s.w.s.m.m.a.RequestMappingHandlerMapping -Mapped "{[/news/kpi]}" onto public java.lang.String com.example.controller.TestController.kpi() throws java.lang.Exception
2019-08-01 16:24:41.197 [main] INFO  o.s.w.s.m.m.a.RequestMappingHandlerMapping -Mapped "{[/news/sitekpi]}" onto public java.lang.String com.example.controller.TestController.sitekpi() throws java.lang.Exception
2019-08-01 16:24:41.198 [main] INFO  o.s.w.s.m.m.a.RequestMappingHandlerMapping -Mapped "{[/doc/modifyDoc]}" onto public java.lang.String com.example.test.controller.DocController.modifyDoc()
2019-08-01 16:24:41.198 [main] INFO  o.s.w.s.m.m.a.RequestMappingHandlerMapping -Mapped "{[/doc/createDoc]}" onto public java.lang.String com.example.test.controller.DocController.createDoc()
2019-08-01 16:24:41.198 [main] INFO  o.s.w.s.m.m.a.RequestMappingHandlerMapping -Mapped "{[/doc/deleteDoc]}" onto public java.lang.String com.example.test.controller.DocController.deleteDoc()
2019-08-01 16:24:41.200 [main] INFO  o.s.w.s.m.m.a.RequestMappingHandlerMapping -Mapped "{[/error]}" onto public org.springframework.http.ResponseEntity<java.util.Map<java.lang.String, java.lang.Object>> org.springframework.boot.autoconfigure.web.servlet.error.BasicErrorController.error(javax.servlet.http.HttpServletRequest)
2019-08-01 16:24:41.200 [main] INFO  o.s.w.s.m.m.a.RequestMappingHandlerMapping -Mapped "{[/error],produces=[text/html]}" onto public org.springframework.web.servlet.ModelAndView org.springframework.boot.autoconfigure.web.servlet.error.BasicErrorController.errorHtml(javax.servlet.http.HttpServletRequest,javax.servlet.http.HttpServletResponse)
2019-08-01 16:24:41.235 [main] INFO  o.s.w.s.h.SimpleUrlHandlerMapping -Mapped URL path [/webjars/**] onto handler of type [class org.springframework.web.servlet.resource.ResourceHttpRequestHandler]
2019-08-01 16:24:41.235 [main] INFO  o.s.w.s.h.SimpleUrlHandlerMapping -Mapped URL path [/**] onto handler of type [class org.springframework.web.servlet.resource.ResourceHttpRequestHandler]
2019-08-01 16:24:41.616 [main] INFO  o.s.j.e.a.AnnotationMBeanExporter -Registering beans for JMX exposure on startup
2019-08-01 16:24:41.618 [main] INFO  o.s.j.e.a.AnnotationMBeanExporter -Bean with name 'dataSource' has been autodetected for JMX exposure
2019-08-01 16:24:41.625 [main] INFO  o.s.j.e.a.AnnotationMBeanExporter -Bean with name 'rabbitConnectionFactory' has been autodetected for JMX exposure
2019-08-01 16:24:41.628 [main] INFO  o.s.j.e.a.AnnotationMBeanExporter -Located MBean 'dataSource': registering with JMX server as MBean [com.zaxxer.hikari:name=dataSource,type=HikariDataSource]
2019-08-01 16:24:41.630 [main] INFO  o.s.j.e.a.AnnotationMBeanExporter -Located managed bean 'rabbitConnectionFactory': registering with JMX server as MBean [org.springframework.amqp.rabbit.connection:name=rabbitConnectionFactory,type=CachingConnectionFactory]
2019-08-01 16:24:41.650 [main] INFO  o.s.c.s.DefaultLifecycleProcessor -Starting beans in phase 2147483647
2019-08-01 16:24:41.661 [main] INFO  o.a.coyote.http11.Http11NioProtocol -Starting ProtocolHandler ["http-nio-8019"]
2019-08-01 16:24:41.673 [main] INFO  o.a.tomcat.util.net.NioSelectorPool -Using a shared selector for servlet write/read
2019-08-01 16:24:41.688 [main] INFO  o.s.b.w.e.tomcat.TomcatWebServer -Tomcat started on port(s): 8019 (http) with context path ''
2019-08-01 16:24:41.693 [main] INFO  com.example.SpringbootApplication -Started SpringbootApplication in 3.788 seconds (JVM running for 4.555)
2019-08-01 16:24:41.696 [main] INFO  com.example.SpringbootApplication -[springboot]已初始化完毕，服务已开启，正在等待定时任务执行...
2019-08-01 16:28:11.942 [http-nio-8019-exec-2] INFO  o.a.c.c.C.[Tomcat].[localhost].[/] -Initializing Spring FrameworkServlet 'dispatcherServlet'
2019-08-01 16:28:11.942 [http-nio-8019-exec-2] INFO  o.s.web.servlet.DispatcherServlet -FrameworkServlet 'dispatcherServlet': initialization started
2019-08-01 16:28:11.960 [http-nio-8019-exec-2] INFO  o.s.web.servlet.DispatcherServlet -FrameworkServlet 'dispatcherServlet': initialization completed in 18 ms
2019-08-01 16:28:20.823 [http-nio-8019-exec-2] INFO  o.s.a.r.c.CachingConnectionFactory -Attempting to connect to: [172.19.207.201:5672]
2019-08-01 16:28:20.955 [http-nio-8019-exec-2] INFO  o.s.a.r.c.CachingConnectionFactory -Created new connection: rabbitConnectionFactory#79aee22a:0/SimpleConnection@634bf157 [delegate=amqp://admin@172.19.207.201:5672/rabbit_vhost, localPort= 59619]
2019-08-01 17:01:25.470 [main] INFO  com.example.SpringbootApplication -Starting SpringbootApplication on yuan-zk with PID 5824 (E:\xxxxx\coding\new-space\amcc-truck-bsp\Site_NewsKpi\target\classes started by yuan-pc in E:\xxxxx\coding\new-space\amcc-truck-bsp\Site_NewsKpi)
2019-08-01 17:01:25.474 [main] INFO  com.example.SpringbootApplication -No active profile set, falling back to default profiles: default
2019-08-01 17:01:25.606 [main] INFO  o.s.b.w.s.c.AnnotationConfigServletWebServerApplicationContext -Refreshing org.springframework.boot.web.servlet.context.AnnotationConfigServletWebServerApplicationContext@60b4beb4: startup date [Thu Aug 01 17:01:25 CST 2019]; root of context hierarchy
2019-08-01 17:01:26.451 [main] INFO  o.s.c.s.PostProcessorRegistrationDelegate$BeanPostProcessorChecker -Bean 'taskExcutorConfig' of type [com.example.TaskExcutorConfig$$EnhancerBySpringCGLIB$$7d08a2d6] is not eligible for getting processed by all BeanPostProcessors (for example: not eligible for auto-proxying)
2019-08-01 17:01:26.455 [main] INFO  o.s.s.c.ThreadPoolTaskExecutor -Initializing ExecutorService 
2019-08-01 17:01:26.512 [main] INFO  o.s.c.s.PostProcessorRegistrationDelegate$BeanPostProcessorChecker -Bean 'org.springframework.amqp.rabbit.annotation.RabbitBootstrapConfiguration' of type [org.springframework.amqp.rabbit.annotation.RabbitBootstrapConfiguration$$EnhancerBySpringCGLIB$$a8b6a681] is not eligible for getting processed by all BeanPostProcessors (for example: not eligible for auto-proxying)
2019-08-01 17:01:26.997 [main] INFO  o.s.b.w.e.tomcat.TomcatWebServer -Tomcat initialized with port(s): 8019 (http)
2019-08-01 17:01:27.011 [main] INFO  o.a.coyote.http11.Http11NioProtocol -Initializing ProtocolHandler ["http-nio-8019"]
2019-08-01 17:01:27.021 [main] INFO  o.a.catalina.core.StandardService -Starting service [Tomcat]
2019-08-01 17:01:27.021 [main] INFO  o.a.catalina.core.StandardEngine -Starting Servlet Engine: Apache Tomcat/8.5.31
2019-08-01 17:01:27.025 [localhost-startStop-1] INFO  o.a.c.core.AprLifecycleListener -The APR based Apache Tomcat Native library which allows optimal performance in production environments was not found on the java.library.path: [D:\program file\java\jdk1.8.0_77\bin;C:\Windows\Sun\Java\bin;C:\Windows\system32;C:\Windows;C:\Windows\system32;C:\Windows;C:\Windows\System32\Wbem;C:\Windows\System32\WindowsPowerShell\v1.0\;C:\Program Files (x86)\NVIDIA Corporation\PhysX\Common;%JAVA_HOME%\bin;%JAVA_HOME%\jre\bin;C:\Program Files\Git\cmd;D:\Program Files\Node-V8\;D:\Program Files (x86)\go1.10\bin;D:\Program Files\Git LFS;D:\Program Files\Microsoft VS Code\bin;C:\ProgramData\chocolatey\bin;D:\Program Files\TortoiseSVN\bin;D:\practice-demo\Anaconda3;D:\practice-demo\Anaconda3\Library\usr\bin;D:\practice-demo\Anaconda3\Library\bin;D:\practice-demo\Anaconda3\Scripts;E:\maven\apache-maven-3.0.3\bin;C:\Users\yuan-pc\Downloads\mysql-5.7.19-winx64\mysql-5.7.19-winx64\bin;E:\workspaces\sso_app\doc\redis3.0;D:\Program Files\nodejs;D:\Program Files\Node-V8\node_global;C:\Users\yuan-pc\AppData\Roaming\npm;D:\Program Files\Node-V8\node_global\node_modules\weex-toolkit;E:\Projects-V\Vue-package\yanxuan-weex-demo\node_modules\weex-toolkit\bin;D:\Program Files (x86)\decomp;D:\Program Files (x86)\go1.10\bin;C:\Users\yuan-pc\AppData\Local\Google\Chrome\Application;D:\Program Files (x86)\curl;D:\Program Files (x86)\Tools\decomp;D:\Program Files (x86)\redis\redis-win-3.2.100;D:\Program Files (x86)\gradle-5.0/bin;D:\program file\java\jdk1.8.0_77\bin;D:\program file\java\jdk1.8.0_77\jre\bin;D:\Program Files (x86)\mysql-5.7.19-winx64\bin;D:\Program Files\Git LFS;D:\practice-demo\python;D:\practice-demo\Anaconda3\condabin\;C:\Program Files (x86)\Google\Chrome\Application;C:\tools\dart-sdk\bin;C:\Users\yuan-pc\AppData\Roaming\Pub\Cache\bin;D:\Program Files\Docker Toolbox;E:\maven\apache-maven-3.5.2/bin;C:\Program Files\Git\usr\bin;C:\Program Files (x86)\MyDrivers\DriverGenius;C:\Program Files (x86)\MyDrivers\DriverGenius\ksoft;.]
2019-08-01 17:01:27.115 [localhost-startStop-1] INFO  o.a.c.c.C.[Tomcat].[localhost].[/] -Initializing Spring embedded WebApplicationContext
2019-08-01 17:01:27.116 [localhost-startStop-1] INFO  o.s.web.context.ContextLoader -Root WebApplicationContext: initialization completed in 1510 ms
2019-08-01 17:01:27.273 [localhost-startStop-1] INFO  o.s.b.w.s.ServletRegistrationBean -Servlet dispatcherServlet mapped to [/]
2019-08-01 17:01:27.280 [localhost-startStop-1] INFO  o.s.b.w.s.FilterRegistrationBean -Mapping filter: 'characterEncodingFilter' to: [/*]
2019-08-01 17:01:27.281 [localhost-startStop-1] INFO  o.s.b.w.s.FilterRegistrationBean -Mapping filter: 'hiddenHttpMethodFilter' to: [/*]
2019-08-01 17:01:27.281 [localhost-startStop-1] INFO  o.s.b.w.s.FilterRegistrationBean -Mapping filter: 'httpPutFormContentFilter' to: [/*]
2019-08-01 17:01:27.282 [localhost-startStop-1] INFO  o.s.b.w.s.FilterRegistrationBean -Mapping filter: 'requestContextFilter' to: [/*]
2019-08-01 17:01:28.016 [main] INFO  o.s.w.s.h.SimpleUrlHandlerMapping -Mapped URL path [/**/favicon.ico] onto handler of type [class org.springframework.web.servlet.resource.ResourceHttpRequestHandler]
2019-08-01 17:01:28.307 [main] INFO  o.s.w.s.m.m.a.RequestMappingHandlerAdapter -Looking for @ControllerAdvice: org.springframework.boot.web.servlet.context.AnnotationConfigServletWebServerApplicationContext@60b4beb4: startup date [Thu Aug 01 17:01:25 CST 2019]; root of context hierarchy
2019-08-01 17:01:28.373 [main] INFO  o.s.w.s.m.m.a.RequestMappingHandlerMapping -Mapped "{[/api/list]}" onto public com.founder.ark.common.utils.bean.ResponseObject com.example.controller.ApiController.list() throws java.lang.Exception
2019-08-01 17:01:28.374 [main] INFO  o.s.w.s.m.m.a.RequestMappingHandlerMapping -Mapped "{[/api/eventTrack],methods=[POST]}" onto public com.founder.ark.common.utils.bean.ResponseObject com.example.controller.ApiController.eventTrack() throws java.lang.Exception
2019-08-01 17:01:28.376 [main] INFO  o.s.w.s.m.m.a.RequestMappingHandlerMapping -Mapped "{[/api/siteNews],methods=[POST]}" onto public com.founder.ark.common.utils.bean.ResponseObject com.example.controller.ApiController.siteNews(java.lang.String,java.util.List<java.lang.String>) throws java.lang.Exception
2019-08-01 17:01:28.376 [main] INFO  o.s.w.s.m.m.a.RequestMappingHandlerMapping -Mapped "{[/api/keyWordKpi],methods=[POST]}" onto public com.founder.ark.common.utils.bean.ResponseObject com.example.controller.ApiController.keyWordKpi(java.lang.String,java.util.List<java.lang.String>) throws java.lang.Exception
2019-08-01 17:01:28.376 [main] INFO  o.s.w.s.m.m.a.RequestMappingHandlerMapping -Mapped "{[/api/keyWordNews],methods=[POST]}" onto public com.founder.ark.common.utils.bean.ResponseObject com.example.controller.ApiController.keyWordNews(java.lang.String,java.util.List<java.lang.String>) throws java.lang.Exception
2019-08-01 17:01:28.377 [main] INFO  o.s.w.s.m.m.a.RequestMappingHandlerMapping -Mapped "{[/api/hotNews],methods=[POST]}" onto public com.founder.ark.common.utils.bean.ResponseObject com.example.controller.ApiController.hotNews(java.lang.String,java.util.List<java.lang.String>) throws java.lang.Exception
2019-08-01 17:01:28.377 [main] INFO  o.s.w.s.m.m.a.RequestMappingHandlerMapping -Mapped "{[/api/originalNews],methods=[POST]}" onto public com.founder.ark.common.utils.bean.ResponseObject com.example.controller.ApiController.originalNews(java.lang.String,java.util.List<java.lang.String>) throws java.lang.Exception
2019-08-01 17:01:28.377 [main] INFO  o.s.w.s.m.m.a.RequestMappingHandlerMapping -Mapped "{[/api/emotion],methods=[POST]}" onto public com.founder.ark.common.utils.bean.ResponseObject com.example.controller.ApiController.emotion(java.lang.String,java.util.List<java.lang.String>) throws java.lang.Exception
2019-08-01 17:01:28.377 [main] INFO  o.s.w.s.m.m.a.RequestMappingHandlerMapping -Mapped "{[/api/zlmtNews],methods=[POST]}" onto public com.founder.ark.common.utils.bean.ResponseObject com.example.controller.ApiController.zlmtNews(java.lang.String,java.util.List<java.lang.String>) throws java.lang.Exception
2019-08-01 17:01:28.378 [main] INFO  o.s.w.s.m.m.a.RequestMappingHandlerMapping -Mapped "{[/api/articlePress],methods=[POST]}" onto public com.founder.ark.common.utils.bean.ResponseObject com.example.controller.ApiController.articlePress(java.lang.String,java.util.List<java.lang.String>) throws java.lang.Exception
2019-08-01 17:01:28.378 [main] INFO  o.s.w.s.m.m.a.RequestMappingHandlerMapping -Mapped "{[/api/spreadMap],methods=[POST]}" onto public com.founder.ark.common.utils.bean.ResponseObject com.example.controller.ApiController.spreadMap(java.lang.String,java.util.List<java.lang.String>) throws java.lang.Exception
2019-08-01 17:01:28.379 [main] INFO  o.s.w.s.m.m.a.RequestMappingHandlerMapping -Mapped "{[/news/KeyWordKpi]}" onto public java.lang.String com.example.controller.TestController.test4() throws java.lang.Exception
2019-08-01 17:01:28.380 [main] INFO  o.s.w.s.m.m.a.RequestMappingHandlerMapping -Mapped "{[/news/eventTrack]}" onto public java.lang.String com.example.controller.TestController.eventTrack() throws java.lang.Exception
2019-08-01 17:01:28.380 [main] INFO  o.s.w.s.m.m.a.RequestMappingHandlerMapping -Mapped "{[/news/SpreadMap]}" onto public java.lang.String com.example.controller.TestController.SpreadMap() throws java.lang.Exception
2019-08-01 17:01:28.380 [main] INFO  o.s.w.s.m.m.a.RequestMappingHandlerMapping -Mapped "{[/news/KeyWord]}" onto public java.lang.String com.example.controller.TestController.test2() throws java.lang.Exception
2019-08-01 17:01:28.381 [main] INFO  o.s.w.s.m.m.a.RequestMappingHandlerMapping -Mapped "{[/news/test]}" onto public java.lang.String com.example.controller.TestController.test1() throws java.lang.Exception
2019-08-01 17:01:28.381 [main] INFO  o.s.w.s.m.m.a.RequestMappingHandlerMapping -Mapped "{[/news/HotNews]}" onto public java.lang.String com.example.controller.TestController.test5() throws java.lang.Exception
2019-08-01 17:01:28.381 [main] INFO  o.s.w.s.m.m.a.RequestMappingHandlerMapping -Mapped "{[/news/emotion]}" onto public java.lang.String com.example.controller.TestController.test3() throws java.lang.Exception
2019-08-01 17:01:28.381 [main] INFO  o.s.w.s.m.m.a.RequestMappingHandlerMapping -Mapped "{[/news/kpi]}" onto public java.lang.String com.example.controller.TestController.kpi() throws java.lang.Exception
2019-08-01 17:01:28.381 [main] INFO  o.s.w.s.m.m.a.RequestMappingHandlerMapping -Mapped "{[/news/sitekpi]}" onto public java.lang.String com.example.controller.TestController.sitekpi() throws java.lang.Exception
2019-08-01 17:01:28.383 [main] INFO  o.s.w.s.m.m.a.RequestMappingHandlerMapping -Mapped "{[/error]}" onto public org.springframework.http.ResponseEntity<java.util.Map<java.lang.String, java.lang.Object>> org.springframework.boot.autoconfigure.web.servlet.error.BasicErrorController.error(javax.servlet.http.HttpServletRequest)
2019-08-01 17:01:28.384 [main] INFO  o.s.w.s.m.m.a.RequestMappingHandlerMapping -Mapped "{[/error],produces=[text/html]}" onto public org.springframework.web.servlet.ModelAndView org.springframework.boot.autoconfigure.web.servlet.error.BasicErrorController.errorHtml(javax.servlet.http.HttpServletRequest,javax.servlet.http.HttpServletResponse)
2019-08-01 17:01:28.422 [main] INFO  o.s.w.s.h.SimpleUrlHandlerMapping -Mapped URL path [/webjars/**] onto handler of type [class org.springframework.web.servlet.resource.ResourceHttpRequestHandler]
2019-08-01 17:01:28.422 [main] INFO  o.s.w.s.h.SimpleUrlHandlerMapping -Mapped URL path [/**] onto handler of type [class org.springframework.web.servlet.resource.ResourceHttpRequestHandler]
2019-08-01 17:01:28.962 [main] INFO  o.s.j.e.a.AnnotationMBeanExporter -Registering beans for JMX exposure on startup
2019-08-01 17:01:28.964 [main] INFO  o.s.j.e.a.AnnotationMBeanExporter -Bean with name 'dataSource' has been autodetected for JMX exposure
2019-08-01 17:01:28.971 [main] INFO  o.s.j.e.a.AnnotationMBeanExporter -Bean with name 'rabbitConnectionFactory' has been autodetected for JMX exposure
2019-08-01 17:01:28.974 [main] INFO  o.s.j.e.a.AnnotationMBeanExporter -Located MBean 'dataSource': registering with JMX server as MBean [com.zaxxer.hikari:name=dataSource,type=HikariDataSource]
2019-08-01 17:01:28.976 [main] INFO  o.s.j.e.a.AnnotationMBeanExporter -Located managed bean 'rabbitConnectionFactory': registering with JMX server as MBean [org.springframework.amqp.rabbit.connection:name=rabbitConnectionFactory,type=CachingConnectionFactory]
2019-08-01 17:01:29.000 [main] INFO  o.s.c.s.DefaultLifecycleProcessor -Starting beans in phase 2147483647
2019-08-01 17:01:29.017 [main] INFO  o.a.coyote.http11.Http11NioProtocol -Starting ProtocolHandler ["http-nio-8019"]
2019-08-01 17:01:29.032 [main] INFO  o.a.tomcat.util.net.NioSelectorPool -Using a shared selector for servlet write/read
2019-08-01 17:01:29.049 [main] INFO  o.s.b.w.e.tomcat.TomcatWebServer -Tomcat started on port(s): 8019 (http) with context path ''
2019-08-01 17:01:29.052 [main] INFO  com.example.SpringbootApplication -Started SpringbootApplication in 4.209 seconds (JVM running for 5.006)
2019-08-01 17:01:29.056 [main] INFO  com.example.SpringbootApplication -[springboot]已初始化完毕，服务已开启，正在等待定时任务执行...
2019-08-01 17:04:07.475 [http-nio-8019-exec-1] INFO  o.a.c.c.C.[Tomcat].[localhost].[/] -Initializing Spring FrameworkServlet 'dispatcherServlet'
2019-08-01 17:04:07.475 [http-nio-8019-exec-1] INFO  o.s.web.servlet.DispatcherServlet -FrameworkServlet 'dispatcherServlet': initialization started
2019-08-01 17:04:07.494 [http-nio-8019-exec-1] INFO  o.s.web.servlet.DispatcherServlet -FrameworkServlet 'dispatcherServlet': initialization completed in 19 ms
2019-08-01 17:29:31.135 [main] INFO  com.example.SpringbootApplication -Starting SpringbootApplication on yuan-zk with PID 6892 (E:\xxxxx\coding\new-space\amcc-truck-bsp\Site_NewsKpi\target\classes started by yuan-pc in E:\xxxxx\coding\new-space\amcc-truck-bsp\Site_NewsKpi)
2019-08-01 17:29:31.138 [main] INFO  com.example.SpringbootApplication -No active profile set, falling back to default profiles: default
2019-08-01 17:29:31.185 [main] INFO  o.s.b.w.s.c.AnnotationConfigServletWebServerApplicationContext -Refreshing org.springframework.boot.web.servlet.context.AnnotationConfigServletWebServerApplicationContext@5bf8fa12: startup date [Thu Aug 01 17:29:31 CST 2019]; root of context hierarchy
2019-08-01 17:29:31.972 [main] INFO  o.s.c.s.PostProcessorRegistrationDelegate$BeanPostProcessorChecker -Bean 'taskExcutorConfig' of type [com.example.TaskExcutorConfig$$EnhancerBySpringCGLIB$$680e44ab] is not eligible for getting processed by all BeanPostProcessors (for example: not eligible for auto-proxying)
2019-08-01 17:29:31.975 [main] INFO  o.s.s.c.ThreadPoolTaskExecutor -Initializing ExecutorService 
2019-08-01 17:29:32.029 [main] INFO  o.s.c.s.PostProcessorRegistrationDelegate$BeanPostProcessorChecker -Bean 'org.springframework.amqp.rabbit.annotation.RabbitBootstrapConfiguration' of type [org.springframework.amqp.rabbit.annotation.RabbitBootstrapConfiguration$$EnhancerBySpringCGLIB$$93bc4856] is not eligible for getting processed by all BeanPostProcessors (for example: not eligible for auto-proxying)
2019-08-01 17:29:32.469 [main] INFO  o.s.b.w.e.tomcat.TomcatWebServer -Tomcat initialized with port(s): 8019 (http)
2019-08-01 17:29:32.482 [main] INFO  o.a.coyote.http11.Http11NioProtocol -Initializing ProtocolHandler ["http-nio-8019"]
2019-08-01 17:29:32.491 [main] INFO  o.a.catalina.core.StandardService -Starting service [Tomcat]
2019-08-01 17:29:32.492 [main] INFO  o.a.catalina.core.StandardEngine -Starting Servlet Engine: Apache Tomcat/8.5.31
2019-08-01 17:29:32.495 [localhost-startStop-1] INFO  o.a.c.core.AprLifecycleListener -The APR based Apache Tomcat Native library which allows optimal performance in production environments was not found on the java.library.path: [D:\program file\java\jdk1.8.0_77\bin;C:\Windows\Sun\Java\bin;C:\Windows\system32;C:\Windows;C:\Windows\system32;C:\Windows;C:\Windows\System32\Wbem;C:\Windows\System32\WindowsPowerShell\v1.0\;C:\Program Files (x86)\NVIDIA Corporation\PhysX\Common;%JAVA_HOME%\bin;%JAVA_HOME%\jre\bin;C:\Program Files\Git\cmd;D:\Program Files\Node-V8\;D:\Program Files (x86)\go1.10\bin;D:\Program Files\Git LFS;D:\Program Files\Microsoft VS Code\bin;C:\ProgramData\chocolatey\bin;D:\Program Files\TortoiseSVN\bin;D:\practice-demo\Anaconda3;D:\practice-demo\Anaconda3\Library\usr\bin;D:\practice-demo\Anaconda3\Library\bin;D:\practice-demo\Anaconda3\Scripts;E:\maven\apache-maven-3.0.3\bin;C:\Users\yuan-pc\Downloads\mysql-5.7.19-winx64\mysql-5.7.19-winx64\bin;E:\workspaces\sso_app\doc\redis3.0;D:\Program Files\nodejs;D:\Program Files\Node-V8\node_global;C:\Users\yuan-pc\AppData\Roaming\npm;D:\Program Files\Node-V8\node_global\node_modules\weex-toolkit;E:\Projects-V\Vue-package\yanxuan-weex-demo\node_modules\weex-toolkit\bin;D:\Program Files (x86)\decomp;D:\Program Files (x86)\go1.10\bin;C:\Users\yuan-pc\AppData\Local\Google\Chrome\Application;D:\Program Files (x86)\curl;D:\Program Files (x86)\Tools\decomp;D:\Program Files (x86)\redis\redis-win-3.2.100;D:\Program Files (x86)\gradle-5.0/bin;D:\program file\java\jdk1.8.0_77\bin;D:\program file\java\jdk1.8.0_77\jre\bin;D:\Program Files (x86)\mysql-5.7.19-winx64\bin;D:\Program Files\Git LFS;D:\practice-demo\python;D:\practice-demo\Anaconda3\condabin\;C:\Program Files (x86)\Google\Chrome\Application;C:\tools\dart-sdk\bin;C:\Users\yuan-pc\AppData\Roaming\Pub\Cache\bin;D:\Program Files\Docker Toolbox;E:\maven\apache-maven-3.5.2/bin;C:\Program Files\Git\usr\bin;C:\Program Files (x86)\MyDrivers\DriverGenius;C:\Program Files (x86)\MyDrivers\DriverGenius\ksoft;.]
2019-08-01 17:29:32.575 [localhost-startStop-1] INFO  o.a.c.c.C.[Tomcat].[localhost].[/] -Initializing Spring embedded WebApplicationContext
2019-08-01 17:29:32.575 [localhost-startStop-1] INFO  o.s.web.context.ContextLoader -Root WebApplicationContext: initialization completed in 1390 ms
2019-08-01 17:29:32.726 [localhost-startStop-1] INFO  o.s.b.w.s.ServletRegistrationBean -Servlet dispatcherServlet mapped to [/]
2019-08-01 17:29:32.730 [localhost-startStop-1] INFO  o.s.b.w.s.FilterRegistrationBean -Mapping filter: 'characterEncodingFilter' to: [/*]
2019-08-01 17:29:32.731 [localhost-startStop-1] INFO  o.s.b.w.s.FilterRegistrationBean -Mapping filter: 'hiddenHttpMethodFilter' to: [/*]
2019-08-01 17:29:32.731 [localhost-startStop-1] INFO  o.s.b.w.s.FilterRegistrationBean -Mapping filter: 'httpPutFormContentFilter' to: [/*]
2019-08-01 17:29:32.731 [localhost-startStop-1] INFO  o.s.b.w.s.FilterRegistrationBean -Mapping filter: 'requestContextFilter' to: [/*]
2019-08-01 17:29:33.463 [main] INFO  o.s.w.s.h.SimpleUrlHandlerMapping -Mapped URL path [/**/favicon.ico] onto handler of type [class org.springframework.web.servlet.resource.ResourceHttpRequestHandler]
2019-08-01 17:29:33.666 [main] INFO  o.s.w.s.m.m.a.RequestMappingHandlerAdapter -Looking for @ControllerAdvice: org.springframework.boot.web.servlet.context.AnnotationConfigServletWebServerApplicationContext@5bf8fa12: startup date [Thu Aug 01 17:29:31 CST 2019]; root of context hierarchy
2019-08-01 17:29:33.727 [main] INFO  o.s.w.s.m.m.a.RequestMappingHandlerMapping -Mapped "{[/api/list]}" onto public com.founder.ark.common.utils.bean.ResponseObject com.example.controller.ApiController.list() throws java.lang.Exception
2019-08-01 17:29:33.728 [main] INFO  o.s.w.s.m.m.a.RequestMappingHandlerMapping -Mapped "{[/api/eventTrack],methods=[POST]}" onto public com.founder.ark.common.utils.bean.ResponseObject com.example.controller.ApiController.eventTrack() throws java.lang.Exception
2019-08-01 17:29:33.730 [main] INFO  o.s.w.s.m.m.a.RequestMappingHandlerMapping -Mapped "{[/api/siteNews],methods=[POST]}" onto public com.founder.ark.common.utils.bean.ResponseObject com.example.controller.ApiController.siteNews(java.lang.String,java.util.List<java.lang.String>) throws java.lang.Exception
2019-08-01 17:29:33.730 [main] INFO  o.s.w.s.m.m.a.RequestMappingHandlerMapping -Mapped "{[/api/keyWordKpi],methods=[POST]}" onto public com.founder.ark.common.utils.bean.ResponseObject com.example.controller.ApiController.keyWordKpi(java.lang.String,java.util.List<java.lang.String>) throws java.lang.Exception
2019-08-01 17:29:33.730 [main] INFO  o.s.w.s.m.m.a.RequestMappingHandlerMapping -Mapped "{[/api/keyWordNews],methods=[POST]}" onto public com.founder.ark.common.utils.bean.ResponseObject com.example.controller.ApiController.keyWordNews(java.lang.String,java.util.List<java.lang.String>) throws java.lang.Exception
2019-08-01 17:29:33.730 [main] INFO  o.s.w.s.m.m.a.RequestMappingHandlerMapping -Mapped "{[/api/hotNews],methods=[POST]}" onto public com.founder.ark.common.utils.bean.ResponseObject com.example.controller.ApiController.hotNews(java.lang.String,java.util.List<java.lang.String>) throws java.lang.Exception
2019-08-01 17:29:33.731 [main] INFO  o.s.w.s.m.m.a.RequestMappingHandlerMapping -Mapped "{[/api/originalNews],methods=[POST]}" onto public com.founder.ark.common.utils.bean.ResponseObject com.example.controller.ApiController.originalNews(java.lang.String,java.util.List<java.lang.String>) throws java.lang.Exception
2019-08-01 17:29:33.731 [main] INFO  o.s.w.s.m.m.a.RequestMappingHandlerMapping -Mapped "{[/api/emotion],methods=[POST]}" onto public com.founder.ark.common.utils.bean.ResponseObject com.example.controller.ApiController.emotion(java.lang.String,java.util.List<java.lang.String>) throws java.lang.Exception
2019-08-01 17:29:33.731 [main] INFO  o.s.w.s.m.m.a.RequestMappingHandlerMapping -Mapped "{[/api/zlmtNews],methods=[POST]}" onto public com.founder.ark.common.utils.bean.ResponseObject com.example.controller.ApiController.zlmtNews(java.lang.String,java.util.List<java.lang.String>) throws java.lang.Exception
2019-08-01 17:29:33.732 [main] INFO  o.s.w.s.m.m.a.RequestMappingHandlerMapping -Mapped "{[/api/articlePress],methods=[POST]}" onto public com.founder.ark.common.utils.bean.ResponseObject com.example.controller.ApiController.articlePress(java.lang.String,java.util.List<java.lang.String>) throws java.lang.Exception
2019-08-01 17:29:33.732 [main] INFO  o.s.w.s.m.m.a.RequestMappingHandlerMapping -Mapped "{[/api/spreadMap],methods=[POST]}" onto public com.founder.ark.common.utils.bean.ResponseObject com.example.controller.ApiController.spreadMap(java.lang.String,java.util.List<java.lang.String>) throws java.lang.Exception
2019-08-01 17:29:33.733 [main] INFO  o.s.w.s.m.m.a.RequestMappingHandlerMapping -Mapped "{[/news/KeyWordKpi]}" onto public java.lang.String com.example.controller.TestController.test4() throws java.lang.Exception
2019-08-01 17:29:33.734 [main] INFO  o.s.w.s.m.m.a.RequestMappingHandlerMapping -Mapped "{[/news/eventTrack]}" onto public java.lang.String com.example.controller.TestController.eventTrack() throws java.lang.Exception
2019-08-01 17:29:33.734 [main] INFO  o.s.w.s.m.m.a.RequestMappingHandlerMapping -Mapped "{[/news/SpreadMap]}" onto public java.lang.String com.example.controller.TestController.SpreadMap() throws java.lang.Exception
2019-08-01 17:29:33.734 [main] INFO  o.s.w.s.m.m.a.RequestMappingHandlerMapping -Mapped "{[/news/KeyWord]}" onto public java.lang.String com.example.controller.TestController.test2() throws java.lang.Exception
2019-08-01 17:29:33.734 [main] INFO  o.s.w.s.m.m.a.RequestMappingHandlerMapping -Mapped "{[/news/test]}" onto public java.lang.String com.example.controller.TestController.test1() throws java.lang.Exception
2019-08-01 17:29:33.734 [main] INFO  o.s.w.s.m.m.a.RequestMappingHandlerMapping -Mapped "{[/news/HotNews]}" onto public java.lang.String com.example.controller.TestController.test5() throws java.lang.Exception
2019-08-01 17:29:33.734 [main] INFO  o.s.w.s.m.m.a.RequestMappingHandlerMapping -Mapped "{[/news/emotion]}" onto public java.lang.String com.example.controller.TestController.test3() throws java.lang.Exception
2019-08-01 17:29:33.735 [main] INFO  o.s.w.s.m.m.a.RequestMappingHandlerMapping -Mapped "{[/news/kpi]}" onto public java.lang.String com.example.controller.TestController.kpi() throws java.lang.Exception
2019-08-01 17:29:33.735 [main] INFO  o.s.w.s.m.m.a.RequestMappingHandlerMapping -Mapped "{[/news/sitekpi]}" onto public java.lang.String com.example.controller.TestController.sitekpi() throws java.lang.Exception
2019-08-01 17:29:33.736 [main] INFO  o.s.w.s.m.m.a.RequestMappingHandlerMapping -Mapped "{[/doc/modifyDoc]}" onto public java.lang.String com.example.test.controller.DocController.modifyDoc()
2019-08-01 17:29:33.736 [main] INFO  o.s.w.s.m.m.a.RequestMappingHandlerMapping -Mapped "{[/doc/deleteDoc]}" onto public java.lang.String com.example.test.controller.DocController.deleteDoc()
2019-08-01 17:29:33.736 [main] INFO  o.s.w.s.m.m.a.RequestMappingHandlerMapping -Mapped "{[/doc/createDoc]}" onto public java.lang.String com.example.test.controller.DocController.createDoc()
2019-08-01 17:29:33.738 [main] INFO  o.s.w.s.m.m.a.RequestMappingHandlerMapping -Mapped "{[/error]}" onto public org.springframework.http.ResponseEntity<java.util.Map<java.lang.String, java.lang.Object>> org.springframework.boot.autoconfigure.web.servlet.error.BasicErrorController.error(javax.servlet.http.HttpServletRequest)
2019-08-01 17:29:33.739 [main] INFO  o.s.w.s.m.m.a.RequestMappingHandlerMapping -Mapped "{[/error],produces=[text/html]}" onto public org.springframework.web.servlet.ModelAndView org.springframework.boot.autoconfigure.web.servlet.error.BasicErrorController.errorHtml(javax.servlet.http.HttpServletRequest,javax.servlet.http.HttpServletResponse)
2019-08-01 17:29:33.775 [main] INFO  o.s.w.s.h.SimpleUrlHandlerMapping -Mapped URL path [/webjars/**] onto handler of type [class org.springframework.web.servlet.resource.ResourceHttpRequestHandler]
2019-08-01 17:29:33.775 [main] INFO  o.s.w.s.h.SimpleUrlHandlerMapping -Mapped URL path [/**] onto handler of type [class org.springframework.web.servlet.resource.ResourceHttpRequestHandler]
2019-08-01 17:29:34.174 [main] INFO  o.s.j.e.a.AnnotationMBeanExporter -Registering beans for JMX exposure on startup
2019-08-01 17:29:34.175 [main] INFO  o.s.j.e.a.AnnotationMBeanExporter -Bean with name 'dataSource' has been autodetected for JMX exposure
2019-08-01 17:29:34.183 [main] INFO  o.s.j.e.a.AnnotationMBeanExporter -Bean with name 'rabbitConnectionFactory' has been autodetected for JMX exposure
2019-08-01 17:29:34.186 [main] INFO  o.s.j.e.a.AnnotationMBeanExporter -Located MBean 'dataSource': registering with JMX server as MBean [com.zaxxer.hikari:name=dataSource,type=HikariDataSource]
2019-08-01 17:29:34.187 [main] INFO  o.s.j.e.a.AnnotationMBeanExporter -Located managed bean 'rabbitConnectionFactory': registering with JMX server as MBean [org.springframework.amqp.rabbit.connection:name=rabbitConnectionFactory,type=CachingConnectionFactory]
2019-08-01 17:29:34.207 [main] INFO  o.s.c.s.DefaultLifecycleProcessor -Starting beans in phase 2147483647
2019-08-01 17:29:34.217 [main] INFO  o.a.coyote.http11.Http11NioProtocol -Starting ProtocolHandler ["http-nio-8019"]
2019-08-01 17:29:34.228 [main] INFO  o.a.tomcat.util.net.NioSelectorPool -Using a shared selector for servlet write/read
2019-08-01 17:29:34.241 [main] INFO  o.s.b.w.e.tomcat.TomcatWebServer -Tomcat started on port(s): 8019 (http) with context path ''
2019-08-01 17:29:34.245 [main] INFO  com.example.SpringbootApplication -Started SpringbootApplication in 3.494 seconds (JVM running for 4.482)
2019-08-01 17:29:34.248 [main] INFO  com.example.SpringbootApplication -[springboot]已初始化完毕，服务已开启，正在等待定时任务执行...
2019-08-01 17:29:55.623 [http-nio-8019-exec-1] INFO  o.a.c.c.C.[Tomcat].[localhost].[/] -Initializing Spring FrameworkServlet 'dispatcherServlet'
2019-08-01 17:29:55.624 [http-nio-8019-exec-1] INFO  o.s.web.servlet.DispatcherServlet -FrameworkServlet 'dispatcherServlet': initialization started
2019-08-01 17:29:55.641 [http-nio-8019-exec-1] INFO  o.s.web.servlet.DispatcherServlet -FrameworkServlet 'dispatcherServlet': initialization completed in 17 ms
2019-08-01 17:30:04.705 [http-nio-8019-exec-1] INFO  o.s.a.r.c.CachingConnectionFactory -Attempting to connect to: [172.19.207.201:5672]
2019-08-01 17:30:04.751 [http-nio-8019-exec-1] INFO  o.s.a.r.c.CachingConnectionFactory -Created new connection: rabbitConnectionFactory#76ececd:0/SimpleConnection@20535e1f [delegate=amqp://admin@172.19.207.201:5672/rabbit_vhost, localPort= 52613]
