2019-07-29 09:49:47.764 [main] INFO  c.e.demo.SiteNewsKpiApplicationTests -Starting SiteNewsKpiApplicationTests on yuan-zk with PID 14996 (started by yuan-pc in e:\xxxxx\coding\new-space\amcc-truck-bsp\Site_NewsKpi)
2019-07-29 09:49:47.765 [main] INFO  c.e.demo.SiteNewsKpiApplicationTests -No active profile set, falling back to default profiles: default
2019-07-29 09:49:50.640 [main] INFO  o.s.w.c.s.GenericWebApplicationContext -Refreshing org.springframework.web.context.support.GenericWebApplicationContext@3b35a229: startup date [Mon Jul 29 09:49:50 CST 2019]; root of context hierarchy
2019-07-29 09:50:22.966 [main] INFO  o.s.c.s.PostProcessorRegistrationDelegate$BeanPostProcessorChecker -Bean 'taskExcutorConfig' of type [com.example.TaskExcutorConfig$$EnhancerBySpringCGLIB$$2a765777] is not eligible for getting processed by all BeanPostProcessors (for example: not eligible for auto-proxying)
2019-07-29 09:50:22.971 [main] INFO  o.s.s.c.ThreadPoolTaskExecutor -Initializing ExecutorService 
2019-07-29 09:50:46.449 [main] INFO  o.s.w.s.h.SimpleUrlHandlerMapping -Mapped URL path [/**/favicon.ico] onto handler of type [class org.springframework.web.servlet.resource.ResourceHttpRequestHandler]
2019-07-29 09:50:47.780 [main] INFO  o.s.w.s.m.m.a.RequestMappingHandlerAdapter -Looking for @ControllerAdvice: org.springframework.web.context.support.GenericWebApplicationContext@3b35a229: startup date [Mon Jul 29 09:49:50 CST 2019]; root of context hierarchy
2019-07-29 09:50:50.073 [main] INFO  o.s.w.s.m.m.a.RequestMappingHandlerMapping -Mapped "{[/api/list]}" onto public com.founder.ark.common.utils.bean.ResponseObject com.example.controller.ApiController.list() throws java.lang.Exception
2019-07-29 09:50:50.074 [main] INFO  o.s.w.s.m.m.a.RequestMappingHandlerMapping -Mapped "{[/api/eventTrack],methods=[POST]}" onto public com.founder.ark.common.utils.bean.ResponseObject com.example.controller.ApiController.eventTrack() throws java.lang.Exception
2019-07-29 09:50:50.074 [main] INFO  o.s.w.s.m.m.a.RequestMappingHandlerMapping -Mapped "{[/api/siteNews],methods=[POST]}" onto public com.founder.ark.common.utils.bean.ResponseObject com.example.controller.ApiController.siteNews(java.lang.String,java.util.List<java.lang.String>) throws java.lang.Exception
2019-07-29 09:50:50.075 [main] INFO  o.s.w.s.m.m.a.RequestMappingHandlerMapping -Mapped "{[/api/keyWordKpi],methods=[POST]}" onto public com.founder.ark.common.utils.bean.ResponseObject com.example.controller.ApiController.keyWordKpi(java.lang.String,java.util.List<java.lang.String>) throws java.lang.Exception
2019-07-29 09:50:50.075 [main] INFO  o.s.w.s.m.m.a.RequestMappingHandlerMapping -Mapped "{[/api/keyWordNews],methods=[POST]}" onto public com.founder.ark.common.utils.bean.ResponseObject com.example.controller.ApiController.keyWordNews(java.lang.String,java.util.List<java.lang.String>) throws java.lang.Exception
2019-07-29 09:50:50.075 [main] INFO  o.s.w.s.m.m.a.RequestMappingHandlerMapping -Mapped "{[/api/hotNews],methods=[POST]}" onto public com.founder.ark.common.utils.bean.ResponseObject com.example.controller.ApiController.hotNews(java.lang.String,java.util.List<java.lang.String>) throws java.lang.Exception
2019-07-29 09:50:50.076 [main] INFO  o.s.w.s.m.m.a.RequestMappingHandlerMapping -Mapped "{[/api/originalNews],methods=[POST]}" onto public com.founder.ark.common.utils.bean.ResponseObject com.example.controller.ApiController.originalNews(java.lang.String,java.util.List<java.lang.String>) throws java.lang.Exception
2019-07-29 09:50:50.076 [main] INFO  o.s.w.s.m.m.a.RequestMappingHandlerMapping -Mapped "{[/api/emotion],methods=[POST]}" onto public com.founder.ark.common.utils.bean.ResponseObject com.example.controller.ApiController.emotion(java.lang.String,java.util.List<java.lang.String>) throws java.lang.Exception
2019-07-29 09:50:50.076 [main] INFO  o.s.w.s.m.m.a.RequestMappingHandlerMapping -Mapped "{[/api/zlmtNews],methods=[POST]}" onto public com.founder.ark.common.utils.bean.ResponseObject com.example.controller.ApiController.zlmtNews(java.lang.String,java.util.List<java.lang.String>) throws java.lang.Exception
2019-07-29 09:50:50.076 [main] INFO  o.s.w.s.m.m.a.RequestMappingHandlerMapping -Mapped "{[/api/articlePress],methods=[POST]}" onto public com.founder.ark.common.utils.bean.ResponseObject com.example.controller.ApiController.articlePress(java.lang.String,java.util.List<java.lang.String>) throws java.lang.Exception
2019-07-29 09:50:50.076 [main] INFO  o.s.w.s.m.m.a.RequestMappingHandlerMapping -Mapped "{[/api/spreadMap],methods=[POST]}" onto public com.founder.ark.common.utils.bean.ResponseObject com.example.controller.ApiController.spreadMap(java.lang.String,java.util.List<java.lang.String>) throws java.lang.Exception
2019-07-29 09:50:50.078 [main] INFO  o.s.w.s.m.m.a.RequestMappingHandlerMapping -Mapped "{[/news/eventTrack]}" onto public java.lang.String com.example.controller.TestController.eventTrack() throws java.lang.Exception
2019-07-29 09:50:50.078 [main] INFO  o.s.w.s.m.m.a.RequestMappingHandlerMapping -Mapped "{[/news/SpreadMap]}" onto public java.lang.String com.example.controller.TestController.SpreadMap() throws java.lang.Exception
2019-07-29 09:50:50.078 [main] INFO  o.s.w.s.m.m.a.RequestMappingHandlerMapping -Mapped "{[/news/test]}" onto public java.lang.String com.example.controller.TestController.test1() throws java.lang.Exception
2019-07-29 09:50:50.078 [main] INFO  o.s.w.s.m.m.a.RequestMappingHandlerMapping -Mapped "{[/news/KeyWordKpi]}" onto public java.lang.String com.example.controller.TestController.test4() throws java.lang.Exception
2019-07-29 09:50:50.078 [main] INFO  o.s.w.s.m.m.a.RequestMappingHandlerMapping -Mapped "{[/news/KeyWord]}" onto public java.lang.String com.example.controller.TestController.test2() throws java.lang.Exception
2019-07-29 09:50:50.079 [main] INFO  o.s.w.s.m.m.a.RequestMappingHandlerMapping -Mapped "{[/news/HotNews]}" onto public java.lang.String com.example.controller.TestController.test5() throws java.lang.Exception
2019-07-29 09:50:50.079 [main] INFO  o.s.w.s.m.m.a.RequestMappingHandlerMapping -Mapped "{[/news/emotion]}" onto public java.lang.String com.example.controller.TestController.test3() throws java.lang.Exception
2019-07-29 09:50:50.079 [main] INFO  o.s.w.s.m.m.a.RequestMappingHandlerMapping -Mapped "{[/news/kpi]}" onto public java.lang.String com.example.controller.TestController.kpi() throws java.lang.Exception
2019-07-29 09:50:50.080 [main] INFO  o.s.w.s.m.m.a.RequestMappingHandlerMapping -Mapped "{[/news/sitekpi]}" onto public java.lang.String com.example.controller.TestController.sitekpi() throws java.lang.Exception
2019-07-29 09:50:50.132 [main] INFO  o.s.w.s.m.m.a.RequestMappingHandlerMapping -Mapped "{[/error]}" onto public org.springframework.http.ResponseEntity<java.util.Map<java.lang.String, java.lang.Object>> org.springframework.boot.autoconfigure.web.servlet.error.BasicErrorController.error(javax.servlet.http.HttpServletRequest)
2019-07-29 09:50:50.132 [main] INFO  o.s.w.s.m.m.a.RequestMappingHandlerMapping -Mapped "{[/error],produces=[text/html]}" onto public org.springframework.web.servlet.ModelAndView org.springframework.boot.autoconfigure.web.servlet.error.BasicErrorController.errorHtml(javax.servlet.http.HttpServletRequest,javax.servlet.http.HttpServletResponse)
2019-07-29 09:50:50.163 [main] INFO  o.s.w.s.h.SimpleUrlHandlerMapping -Mapped URL path [/webjars/**] onto handler of type [class org.springframework.web.servlet.resource.ResourceHttpRequestHandler]
2019-07-29 09:50:50.164 [main] INFO  o.s.w.s.h.SimpleUrlHandlerMapping -Mapped URL path [/**] onto handler of type [class org.springframework.web.servlet.resource.ResourceHttpRequestHandler]
2019-07-29 09:50:52.153 [main] INFO  o.s.s.a.ScheduledAnnotationBeanPostProcessor -No TaskScheduler/ScheduledExecutorService bean found for scheduled processing
2019-07-29 09:50:52.181 [main] INFO  c.e.demo.SiteNewsKpiApplicationTests -Started SiteNewsKpiApplicationTests in 87.188 seconds (JVM running for 137.406)
2019-07-29 09:50:57.327 [Thread-3] INFO  o.s.w.c.s.GenericWebApplicationContext -Closing org.springframework.web.context.support.GenericWebApplicationContext@3b35a229: startup date [Mon Jul 29 09:49:50 CST 2019]; root of context hierarchy
2019-07-29 10:08:47.148 [main] INFO  c.e.demo.SiteNewsKpiApplicationTests -Starting SiteNewsKpiApplicationTests on yuan-zk with PID 17152 (started by yuan-pc in E:\xxxxx\coding\new-space\amcc-truck-bsp\Site_NewsKpi)
2019-07-29 10:08:47.290 [main] INFO  c.e.demo.SiteNewsKpiApplicationTests -No active profile set, falling back to default profiles: default
2019-07-29 10:08:48.719 [main] INFO  o.s.w.c.s.GenericWebApplicationContext -Refreshing org.springframework.web.context.support.GenericWebApplicationContext@9816741: startup date [Mon Jul 29 10:08:48 CST 2019]; root of context hierarchy
2019-07-29 10:08:53.149 [main] INFO  o.s.c.s.PostProcessorRegistrationDelegate$BeanPostProcessorChecker -Bean 'taskExcutorConfig' of type [com.example.TaskExcutorConfig$$EnhancerBySpringCGLIB$$f3c6fb16] is not eligible for getting processed by all BeanPostProcessors (for example: not eligible for auto-proxying)
2019-07-29 10:08:53.153 [main] INFO  o.s.s.c.ThreadPoolTaskExecutor -Initializing ExecutorService 
2019-07-29 10:09:03.669 [main] INFO  o.s.w.s.h.SimpleUrlHandlerMapping -Mapped URL path [/**/favicon.ico] onto handler of type [class org.springframework.web.servlet.resource.ResourceHttpRequestHandler]
2019-07-29 10:09:04.021 [main] INFO  o.s.w.s.m.m.a.RequestMappingHandlerAdapter -Looking for @ControllerAdvice: org.springframework.web.context.support.GenericWebApplicationContext@9816741: startup date [Mon Jul 29 10:08:48 CST 2019]; root of context hierarchy
2019-07-29 10:09:04.101 [main] INFO  o.s.w.s.m.m.a.RequestMappingHandlerMapping -Mapped "{[/api/list]}" onto public com.founder.ark.common.utils.bean.ResponseObject com.example.controller.ApiController.list() throws java.lang.Exception
2019-07-29 10:09:04.104 [main] INFO  o.s.w.s.m.m.a.RequestMappingHandlerMapping -Mapped "{[/api/eventTrack],methods=[POST]}" onto public com.founder.ark.common.utils.bean.ResponseObject com.example.controller.ApiController.eventTrack() throws java.lang.Exception
2019-07-29 10:09:04.104 [main] INFO  o.s.w.s.m.m.a.RequestMappingHandlerMapping -Mapped "{[/api/siteNews],methods=[POST]}" onto public com.founder.ark.common.utils.bean.ResponseObject com.example.controller.ApiController.siteNews(java.lang.String,java.util.List<java.lang.String>) throws java.lang.Exception
2019-07-29 10:09:04.105 [main] INFO  o.s.w.s.m.m.a.RequestMappingHandlerMapping -Mapped "{[/api/keyWordKpi],methods=[POST]}" onto public com.founder.ark.common.utils.bean.ResponseObject com.example.controller.ApiController.keyWordKpi(java.lang.String,java.util.List<java.lang.String>) throws java.lang.Exception
2019-07-29 10:09:04.105 [main] INFO  o.s.w.s.m.m.a.RequestMappingHandlerMapping -Mapped "{[/api/keyWordNews],methods=[POST]}" onto public com.founder.ark.common.utils.bean.ResponseObject com.example.controller.ApiController.keyWordNews(java.lang.String,java.util.List<java.lang.String>) throws java.lang.Exception
2019-07-29 10:09:04.106 [main] INFO  o.s.w.s.m.m.a.RequestMappingHandlerMapping -Mapped "{[/api/hotNews],methods=[POST]}" onto public com.founder.ark.common.utils.bean.ResponseObject com.example.controller.ApiController.hotNews(java.lang.String,java.util.List<java.lang.String>) throws java.lang.Exception
2019-07-29 10:09:04.106 [main] INFO  o.s.w.s.m.m.a.RequestMappingHandlerMapping -Mapped "{[/api/originalNews],methods=[POST]}" onto public com.founder.ark.common.utils.bean.ResponseObject com.example.controller.ApiController.originalNews(java.lang.String,java.util.List<java.lang.String>) throws java.lang.Exception
2019-07-29 10:09:04.106 [main] INFO  o.s.w.s.m.m.a.RequestMappingHandlerMapping -Mapped "{[/api/emotion],methods=[POST]}" onto public com.founder.ark.common.utils.bean.ResponseObject com.example.controller.ApiController.emotion(java.lang.String,java.util.List<java.lang.String>) throws java.lang.Exception
2019-07-29 10:09:04.107 [main] INFO  o.s.w.s.m.m.a.RequestMappingHandlerMapping -Mapped "{[/api/zlmtNews],methods=[POST]}" onto public com.founder.ark.common.utils.bean.ResponseObject com.example.controller.ApiController.zlmtNews(java.lang.String,java.util.List<java.lang.String>) throws java.lang.Exception
2019-07-29 10:09:04.107 [main] INFO  o.s.w.s.m.m.a.RequestMappingHandlerMapping -Mapped "{[/api/articlePress],methods=[POST]}" onto public com.founder.ark.common.utils.bean.ResponseObject com.example.controller.ApiController.articlePress(java.lang.String,java.util.List<java.lang.String>) throws java.lang.Exception
2019-07-29 10:09:04.107 [main] INFO  o.s.w.s.m.m.a.RequestMappingHandlerMapping -Mapped "{[/api/spreadMap],methods=[POST]}" onto public com.founder.ark.common.utils.bean.ResponseObject com.example.controller.ApiController.spreadMap(java.lang.String,java.util.List<java.lang.String>) throws java.lang.Exception
2019-07-29 10:09:04.110 [main] INFO  o.s.w.s.m.m.a.RequestMappingHandlerMapping -Mapped "{[/news/eventTrack]}" onto public java.lang.String com.example.controller.TestController.eventTrack() throws java.lang.Exception
2019-07-29 10:09:04.111 [main] INFO  o.s.w.s.m.m.a.RequestMappingHandlerMapping -Mapped "{[/news/SpreadMap]}" onto public java.lang.String com.example.controller.TestController.SpreadMap() throws java.lang.Exception
2019-07-29 10:09:04.111 [main] INFO  o.s.w.s.m.m.a.RequestMappingHandlerMapping -Mapped "{[/news/test]}" onto public java.lang.String com.example.controller.TestController.test1() throws java.lang.Exception
2019-07-29 10:09:04.112 [main] INFO  o.s.w.s.m.m.a.RequestMappingHandlerMapping -Mapped "{[/news/KeyWordKpi]}" onto public java.lang.String com.example.controller.TestController.test4() throws java.lang.Exception
2019-07-29 10:09:04.113 [main] INFO  o.s.w.s.m.m.a.RequestMappingHandlerMapping -Mapped "{[/news/KeyWord]}" onto public java.lang.String com.example.controller.TestController.test2() throws java.lang.Exception
2019-07-29 10:09:04.114 [main] INFO  o.s.w.s.m.m.a.RequestMappingHandlerMapping -Mapped "{[/news/HotNews]}" onto public java.lang.String com.example.controller.TestController.test5() throws java.lang.Exception
2019-07-29 10:09:04.114 [main] INFO  o.s.w.s.m.m.a.RequestMappingHandlerMapping -Mapped "{[/news/emotion]}" onto public java.lang.String com.example.controller.TestController.test3() throws java.lang.Exception
2019-07-29 10:09:04.114 [main] INFO  o.s.w.s.m.m.a.RequestMappingHandlerMapping -Mapped "{[/news/kpi]}" onto public java.lang.String com.example.controller.TestController.kpi() throws java.lang.Exception
2019-07-29 10:09:04.114 [main] INFO  o.s.w.s.m.m.a.RequestMappingHandlerMapping -Mapped "{[/news/sitekpi]}" onto public java.lang.String com.example.controller.TestController.sitekpi() throws java.lang.Exception
2019-07-29 10:09:04.116 [main] INFO  o.s.w.s.m.m.a.RequestMappingHandlerMapping -Mapped "{[/error]}" onto public org.springframework.http.ResponseEntity<java.util.Map<java.lang.String, java.lang.Object>> org.springframework.boot.autoconfigure.web.servlet.error.BasicErrorController.error(javax.servlet.http.HttpServletRequest)
2019-07-29 10:09:04.117 [main] INFO  o.s.w.s.m.m.a.RequestMappingHandlerMapping -Mapped "{[/error],produces=[text/html]}" onto public org.springframework.web.servlet.ModelAndView org.springframework.boot.autoconfigure.web.servlet.error.BasicErrorController.errorHtml(javax.servlet.http.HttpServletRequest,javax.servlet.http.HttpServletResponse)
2019-07-29 10:09:04.158 [main] INFO  o.s.w.s.h.SimpleUrlHandlerMapping -Mapped URL path [/webjars/**] onto handler of type [class org.springframework.web.servlet.resource.ResourceHttpRequestHandler]
2019-07-29 10:09:04.158 [main] INFO  o.s.w.s.h.SimpleUrlHandlerMapping -Mapped URL path [/**] onto handler of type [class org.springframework.web.servlet.resource.ResourceHttpRequestHandler]
2019-07-29 10:09:04.761 [main] INFO  o.s.s.a.ScheduledAnnotationBeanPostProcessor -No TaskScheduler/ScheduledExecutorService bean found for scheduled processing
2019-07-29 10:09:04.773 [main] INFO  c.e.demo.SiteNewsKpiApplicationTests -Started SiteNewsKpiApplicationTests in 24.935 seconds (JVM running for 35.106)
2019-07-29 10:09:07.984 [Thread-3] INFO  o.s.w.c.s.GenericWebApplicationContext -Closing org.springframework.web.context.support.GenericWebApplicationContext@9816741: startup date [Mon Jul 29 10:08:48 CST 2019]; root of context hierarchy
